TN:
SF:app.js
FN:63,(anonymous_0)
FN:67,(anonymous_1)
FN:76,(anonymous_2)
FN:80,(anonymous_3)
FN:81,(anonymous_4)
FN:82,(anonymous_5)
FN:88,(anonymous_6)
FN:89,(anonymous_7)
FN:90,(anonymous_8)
FN:95,(anonymous_9)
FN:96,(anonymous_10)
FN:104,(anonymous_11)
FN:113,(anonymous_12)
FN:118,(anonymous_13)
FN:130,(anonymous_14)
FN:156,(anonymous_15)
FNF:16
FNH:10
FNDA:117,(anonymous_0)
FNDA:117,(anonymous_1)
FNDA:0,(anonymous_2)
FNDA:35,(anonymous_3)
FNDA:35,(anonymous_4)
FNDA:0,(anonymous_5)
FNDA:17,(anonymous_6)
FNDA:0,(anonymous_7)
FNDA:0,(anonymous_8)
FNDA:0,(anonymous_9)
FNDA:0,(anonymous_10)
FNDA:54,(anonymous_11)
FNDA:50,(anonymous_12)
FNDA:3,(anonymous_13)
FNDA:117,(anonymous_14)
FNDA:51,(anonymous_15)
DA:1,1
DA:2,1
DA:3,1
DA:4,1
DA:5,1
DA:6,1
DA:7,1
DA:8,1
DA:9,1
DA:10,1
DA:11,1
DA:13,1
DA:14,1
DA:15,1
DA:17,1
DA:19,1
DA:20,1
DA:21,1
DA:22,1
DA:23,1
DA:24,1
DA:25,1
DA:26,1
DA:27,1
DA:29,1
DA:31,1
DA:32,1
DA:33,1
DA:34,1
DA:36,1
DA:38,1
DA:39,1
DA:40,1
DA:41,1
DA:42,1
DA:43,1
DA:44,1
DA:45,1
DA:46,1
DA:47,1
DA:48,1
DA:49,1
DA:50,1
DA:52,1
DA:54,1
DA:55,1
DA:56,1
DA:58,1
DA:59,0
DA:61,1
DA:63,117
DA:67,1
DA:68,117
DA:69,117
DA:70,117
DA:71,117
DA:72,117
DA:76,1
DA:77,0
DA:80,1
DA:81,35
DA:82,35
DA:85,35
DA:88,1
DA:89,17
DA:90,0
DA:91,0
DA:92,0
DA:95,0
DA:96,0
DA:97,0
DA:101,17
DA:104,1
DA:105,54
DA:106,53
DA:108,53
DA:109,53
DA:111,53
DA:115,50
DA:116,50
DA:119,3
DA:123,0
DA:126,1
DA:130,1
DA:131,117
DA:132,68
DA:133,49
DA:135,2
DA:138,1
DA:140,1
DA:141,1
DA:142,1
DA:143,1
DA:144,1
DA:145,1
DA:146,1
DA:147,1
DA:148,1
DA:149,1
DA:150,1
DA:151,1
DA:156,1
DA:158,51
DA:163,51
DA:165,51
DA:168,1
LF:106
LH:97
BRDA:58,0,0,0
BRDA:58,0,1,1
BRDA:90,1,0,0
BRDA:90,1,1,0
BRDA:105,2,0,53
BRDA:105,2,1,1
BRDA:106,3,0,53
BRDA:106,3,1,0
BRDA:108,4,0,53
BRDA:108,4,1,0
BRDA:131,5,0,68
BRDA:131,5,1,49
BRDA:131,6,0,117
BRDA:131,6,1,63
BRDA:133,7,0,47
BRDA:133,7,1,2
BRDA:133,8,0,49
BRDA:133,8,1,11
BRDA:159,9,0,51
BRDA:159,9,1,0
BRDA:160,10,0,51
BRDA:160,10,1,0
BRDA:161,11,0,51
BRDA:161,11,1,0
BRDA:163,12,0,51
BRDA:163,12,1,0
BRF:26
BRH:17
end_of_record
TN:
SF:model/clientModel.js
FNF:0
FNH:0
DA:1,1
DA:3,1
DA:10,1
LF:3
LH:3
BRF:0
BRH:0
end_of_record
TN:
SF:model/customerModel.js
FN:13,(anonymous_0)
FNF:1
FNH:1
FNDA:14,(anonymous_0)
DA:1,1
DA:3,1
DA:5,1
DA:13,14
DA:20,1
DA:22,1
LF:6
LH:6
BRF:0
BRH:0
end_of_record
TN:
SF:model/deliveryModel.js
FN:15,(anonymous_0)
FNF:1
FNH:1
FNDA:5,(anonymous_0)
DA:1,1
DA:3,1
DA:15,5
DA:26,1
DA:27,1
LF:5
LH:5
BRDA:15,0,0,5
BRDA:15,0,1,4
BRDA:15,0,2,4
BRF:3
BRH:3
end_of_record
TN:
SF:model/flavorModel.js
FNF:0
FNH:0
DA:1,1
DA:3,1
DA:15,1
DA:17,1
LF:4
LH:4
BRF:0
BRH:0
end_of_record
TN:
SF:model/index.js
FNF:0
FNH:0
DA:1,1
DA:2,1
DA:3,1
DA:4,1
DA:5,1
DA:6,1
DA:7,1
DA:8,1
DA:9,1
DA:10,1
DA:11,1
DA:12,1
DA:13,1
DA:15,1
LF:14
LH:14
BRF:0
BRH:0
end_of_record
TN:
SF:model/itemsModel.js
FNF:0
FNH:0
DA:1,1
DA:3,1
DA:7,1
DA:10,1
LF:4
LH:4
BRF:0
BRH:0
end_of_record
TN:
SF:model/orderModel.js
FNF:0
FNH:0
DA:1,1
DA:3,1
DA:19,1
DA:21,1
LF:4
LH:4
BRF:0
BRH:0
end_of_record
TN:
SF:model/paymentModel.js
FNF:0
FNH:0
DA:1,1
DA:3,1
DA:13,1
LF:3
LH:3
BRF:0
BRH:0
end_of_record
TN:
SF:model/pizzaModel.js
FN:8,(anonymous_0)
FNF:1
FNH:1
FNDA:8,(anonymous_0)
DA:1,1
DA:3,1
DA:8,8
DA:17,1
DA:19,1
LF:5
LH:5
BRF:0
BRH:0
end_of_record
TN:
SF:model/productModel.js
FNF:0
FNH:0
DA:1,1
DA:3,1
DA:16,1
DA:18,1
LF:4
LH:4
BRF:0
BRH:0
end_of_record
TN:
SF:model/providerModel.js
FN:3,(anonymous_0)
FN:73,(anonymous_1)
FNF:2
FNH:0
FNDA:0,(anonymous_0)
FNDA:0,(anonymous_1)
DA:1,1
DA:3,1
DA:5,0
DA:7,0
DA:9,0
DA:10,0
DA:12,0
DA:22,0
DA:24,0
DA:25,0
DA:26,0
DA:27,0
DA:28,0
DA:29,0
DA:30,0
DA:31,0
DA:32,0
DA:34,0
DA:35,0
DA:36,0
DA:38,0
DA:39,0
DA:40,0
DA:41,0
DA:42,0
DA:43,0
DA:44,0
DA:45,0
DA:47,0
DA:48,0
DA:49,0
DA:51,0
DA:55,1
DA:73,0
DA:80,1
DA:82,1
LF:36
LH:5
BRDA:7,0,0,0
BRDA:7,0,1,0
BRDA:9,1,0,0
BRDA:9,1,1,0
BRDA:12,2,0,0
BRDA:12,2,1,0
BRDA:12,3,0,0
BRDA:12,3,1,0
BRDA:12,3,2,0
BRDA:12,3,3,0
BRDA:12,3,4,0
BRDA:12,3,5,0
BRDA:12,3,6,0
BRDA:12,3,7,0
BRDA:12,3,8,0
BRDA:12,3,9,0
BRDA:31,4,0,0
BRDA:31,4,1,0
BRDA:34,5,0,0
BRDA:34,5,1,0
BRDA:35,6,0,0
BRDA:35,6,1,0
BRDA:44,7,0,0
BRDA:44,7,1,0
BRDA:47,8,0,0
BRDA:47,8,1,0
BRDA:48,9,0,0
BRDA:48,9,1,0
BRF:28
BRH:0
end_of_record
TN:
SF:model/tableModel.js
FNF:0
FNH:0
DA:1,1
DA:3,1
DA:15,1
LF:3
LH:3
BRF:0
BRH:0
end_of_record
TN:
SF:model/userModel.js
FN:10,(anonymous_0)
FN:22,(anonymous_1)
FN:30,(anonymous_2)
FN:40,(anonymous_3)
FN:40,(anonymous_4)
FNF:5
FNH:5
FNDA:12,(anonymous_0)
FNDA:12,(anonymous_1)
FNDA:12,(anonymous_2)
FNDA:13,(anonymous_3)
FNDA:17,(anonymous_4)
DA:1,1
DA:3,1
DA:5,1
DA:10,12
DA:22,12
DA:30,12
DA:40,17
DA:46,1
DA:49,1
LF:9
LH:9
BRF:0
BRH:0
end_of_record
TN:
SF:model/waitingListModel.js
FNF:0
FNH:0
DA:1,1
DA:3,1
DA:8,1
DA:10,1
LF:4
LH:4
BRF:0
BRH:0
end_of_record
TN:
SF:resource/authentication/endpoints/index.js
FN:9,(anonymous_0)
FN:61,(anonymous_1)
FN:68,(anonymous_2)
FN:83,(anonymous_3)
FN:89,(anonymous_4)
FNF:5
FNH:5
FNDA:15,(anonymous_0)
FNDA:8,(anonymous_1)
FNDA:8,(anonymous_2)
FNDA:2,(anonymous_3)
FNDA:1,(anonymous_4)
DA:1,1
DA:2,1
DA:3,1
DA:4,1
DA:6,1
DA:9,1
DA:11,15
DA:13,15
DA:15,1
DA:22,14
DA:25,1
DA:32,13
DA:35,1
DA:42,12
DA:44,1
DA:51,11
DA:53,1
DA:60,10
DA:63,8
DA:65,8
DA:67,8
DA:69,8
DA:83,1
DA:84,2
DA:86,2
DA:88,2
DA:90,1
DA:92,1
DA:93,1
DA:98,1
LF:30
LH:30
BRDA:13,0,0,1
BRDA:13,0,1,14
BRDA:22,1,0,1
BRDA:22,1,1,13
BRDA:22,2,0,14
BRDA:22,2,1,13
BRDA:32,3,0,1
BRDA:32,3,1,12
BRDA:32,4,0,13
BRDA:32,4,1,12
BRDA:42,5,0,1
BRDA:42,5,1,11
BRDA:42,6,0,12
BRDA:42,6,1,11
BRDA:51,7,0,1
BRDA:51,7,1,10
BRDA:51,8,0,11
BRDA:51,8,1,10
BRDA:63,9,0,8
BRDA:63,9,1,0
BRF:20
BRH:19
end_of_record
TN:
SF:resource/authentication/token/index.js
FNF:0
FNH:0
DA:1,1
DA:2,1
LF:2
LH:2
BRF:0
BRH:0
end_of_record
TN:
SF:resource/authentication/token/jwt/jwtbuilder.js
FN:9,(anonymous_0)
FN:30,(anonymous_1)
FN:40,(anonymous_2)
FN:41,(anonymous_3)
FN:60,(anonymous_4)
FN:78,(anonymous_5)
FN:86,(anonymous_6)
FN:103,(anonymous_7)
FNF:8
FNH:8
FNDA:48,(anonymous_0)
FNDA:8,(anonymous_1)
FNDA:8,(anonymous_2)
FNDA:8,(anonymous_3)
FNDA:8,(anonymous_4)
FNDA:16,(anonymous_5)
FNDA:8,(anonymous_6)
FNDA:8,(anonymous_7)
DA:2,1
DA:4,1
DA:5,1
DA:7,1
DA:9,1
DA:12,48
DA:14,48
DA:15,16
DA:21,32
DA:28,1
DA:31,8
DA:32,8
DA:33,8
DA:34,8
DA:35,8
DA:37,8
DA:41,8
DA:43,8
DA:44,0
DA:50,8
DA:51,0
DA:58,8
DA:59,8
DA:61,8
DA:62,0
DA:69,8
DA:70,8
DA:72,8
DA:79,16
DA:83,16
DA:87,8
DA:88,8
DA:90,8
DA:98,8
DA:100,8
DA:104,8
DA:105,8
DA:107,8
DA:109,8
DA:110,8
DA:112,8
DA:114,8
DA:120,8
DA:122,8
DA:124,8
DA:125,8
DA:127,8
LF:47
LH:44
BRDA:12,0,0,32
BRDA:12,0,1,16
BRDA:14,1,0,16
BRDA:14,1,1,32
BRDA:30,2,0,0
BRDA:30,3,0,0
BRDA:43,4,0,0
BRDA:43,4,1,8
BRDA:43,5,0,8
BRDA:43,5,1,8
BRDA:50,6,0,0
BRDA:50,6,1,8
BRDA:50,7,0,8
BRDA:50,7,1,8
BRDA:61,8,0,0
BRDA:61,8,1,8
BRDA:61,9,0,8
BRDA:61,9,1,8
BRF:18
BRH:13
end_of_record
TN:
SF:resource/authentication/token/jwt/jwtparser.js
FN:5,(anonymous_0)
FN:11,(anonymous_1)
FN:18,(anonymous_2)
FN:37,(anonymous_3)
FN:41,(anonymous_4)
FN:45,(anonymous_5)
FN:49,(anonymous_6)
FN:50,(anonymous_7)
FN:52,(anonymous_8)
FN:65,(anonymous_9)
FNF:10
FNH:6
FNDA:53,(anonymous_0)
FNDA:53,(anonymous_1)
FNDA:0,(anonymous_2)
FNDA:0,(anonymous_3)
FNDA:0,(anonymous_4)
FNDA:0,(anonymous_5)
FNDA:53,(anonymous_6)
FNDA:53,(anonymous_7)
FNDA:50,(anonymous_8)
FNDA:53,(anonymous_9)
DA:1,1
DA:2,1
DA:3,1
DA:5,53
DA:10,1
DA:12,53
DA:13,53
DA:14,53
DA:15,53
DA:19,0
DA:21,0
DA:22,0
DA:26,0
DA:28,0
DA:38,0
DA:42,0
DA:46,0
DA:50,53
DA:51,53
DA:52,50
DA:53,50
DA:54,0
DA:58,50
DA:61,3
DA:66,53
DA:75,53
DA:76,53
DA:77,53
DA:78,53
DA:80,53
DA:81,53
DA:82,53
DA:84,53
DA:85,50
DA:86,50
DA:88,3
DA:91,53
DA:92,3
DA:94,50
DA:97,0
DA:98,0
DA:100,53
LF:42
LH:31
BRDA:12,0,0,53
BRDA:12,0,1,3
BRDA:18,1,0,0
BRDA:21,2,0,0
BRDA:21,2,1,0
BRDA:22,3,0,0
BRDA:22,3,1,0
BRDA:28,4,0,0
BRDA:28,4,1,0
BRDA:28,4,2,0
BRDA:28,4,3,0
BRDA:28,4,4,0
BRDA:28,4,5,0
BRDA:51,5,0,50
BRDA:51,5,1,3
BRDA:51,6,0,53
BRDA:51,6,1,53
BRDA:53,7,0,0
BRDA:53,7,1,50
BRDA:53,8,0,50
BRDA:53,8,1,50
BRDA:65,9,0,53
BRDA:84,10,0,50
BRDA:84,10,1,3
BRDA:91,11,0,3
BRDA:91,11,1,50
BRF:26
BRH:14
end_of_record
TN:
SF:resource/authentication/utils/index.js
FN:11,(anonymous_0)
FN:44,(anonymous_1)
FN:44,(anonymous_2)
FN:53,(anonymous_3)
FN:65,(anonymous_4)
FN:76,(anonymous_5)
FN:78,(anonymous_6)
FNF:7
FNH:5
FNDA:0,(anonymous_0)
FNDA:10,(anonymous_1)
FNDA:10,(anonymous_2)
FNDA:10,(anonymous_3)
FNDA:0,(anonymous_4)
FNDA:10,(anonymous_5)
FNDA:8,(anonymous_6)
DA:1,1
DA:2,1
DA:3,1
DA:5,1
DA:6,1
DA:7,1
DA:9,1
DA:11,1
DA:12,0
DA:17,0
DA:18,0
DA:19,0
DA:21,0
DA:22,0
DA:24,0
DA:25,0
DA:26,0
DA:29,0
DA:30,0
DA:32,0
DA:34,0
DA:36,0
DA:37,0
DA:38,0
DA:41,0
DA:44,10
DA:45,10
DA:47,10
DA:48,10
DA:50,10
DA:51,10
DA:53,10
DA:54,10
DA:55,0
DA:56,10
DA:57,8
DA:59,2
DA:62,0
DA:65,1
DA:66,0
DA:67,0
DA:68,0
DA:70,0
DA:72,0
DA:76,10
DA:78,8
DA:80,1
LF:47
LH:23
BRDA:11,0,0,0
BRDA:17,1,0,0
BRDA:17,1,1,0
BRDA:29,2,0,0
BRDA:29,2,1,0
BRDA:44,3,0,0
BRDA:45,4,0,10
BRDA:45,4,1,0
BRDA:54,5,0,0
BRDA:54,5,1,10
BRDA:56,6,0,8
BRDA:56,6,1,2
BRDA:56,7,0,10
BRDA:56,7,1,8
BRDA:65,8,0,0
BRDA:65,9,0,0
BRDA:68,10,0,0
BRDA:68,10,1,0
BRDA:70,11,0,0
BRDA:70,11,1,0
BRF:20
BRH:6
end_of_record
TN:
SF:resource/customer/index.js
FN:9,(anonymous_0)
FN:13,(anonymous_1)
FN:19,(anonymous_2)
FN:28,(anonymous_3)
FN:31,(anonymous_4)
FN:34,(anonymous_5)
FN:42,(anonymous_6)
FN:51,(anonymous_7)
FNF:8
FNH:8
FNDA:5,(anonymous_0)
FNDA:5,(anonymous_1)
FNDA:9,(anonymous_2)
FNDA:2,(anonymous_3)
FNDA:7,(anonymous_4)
FNDA:5,(anonymous_5)
FNDA:2,(anonymous_6)
FNDA:1,(anonymous_7)
DA:1,1
DA:3,1
DA:4,1
DA:5,1
DA:7,1
DA:9,1
DA:11,5
DA:13,5
DA:14,5
DA:19,1
DA:20,9
DA:22,9
DA:23,9
DA:25,9
DA:27,9
DA:29,2
DA:31,7
DA:34,1
DA:35,5
DA:36,5
DA:38,5
DA:39,3
DA:41,2
DA:42,2
DA:43,2
DA:44,1
DA:49,1
DA:50,1
DA:52,1
DA:58,1
LF:30
LH:30
BRDA:38,0,0,3
BRDA:38,0,1,2
BRDA:38,1,0,5
BRDA:38,1,1,4
BRDA:38,1,2,3
BRDA:43,2,0,1
BRDA:43,2,1,1
BRF:7
BRH:7
end_of_record
TN:
SF:resource/delivery/index.js
FN:7,(anonymous_0)
FN:10,(anonymous_1)
FN:21,(anonymous_2)
FN:26,(anonymous_3)
FN:41,(anonymous_4)
FN:47,(anonymous_5)
FN:51,(anonymous_6)
FN:56,(anonymous_7)
FN:67,(anonymous_8)
FN:72,(anonymous_9)
FN:77,(anonymous_10)
FN:91,(anonymous_11)
FNF:12
FNH:0
FNDA:0,(anonymous_0)
FNDA:0,(anonymous_1)
FNDA:0,(anonymous_2)
FNDA:0,(anonymous_3)
FNDA:0,(anonymous_4)
FNDA:0,(anonymous_5)
FNDA:0,(anonymous_6)
FNDA:0,(anonymous_7)
FNDA:0,(anonymous_8)
FNDA:0,(anonymous_9)
FNDA:0,(anonymous_10)
FNDA:0,(anonymous_11)
DA:1,1
DA:3,1
DA:4,1
DA:5,1
DA:7,1
DA:8,0
DA:9,0
DA:11,0
DA:12,0
DA:17,0
DA:21,1
DA:22,0
DA:23,0
DA:25,0
DA:27,0
DA:28,0
DA:34,0
DA:41,1
DA:42,0
DA:44,0
DA:46,0
DA:47,0
DA:51,1
DA:52,0
DA:53,0
DA:55,0
DA:57,0
DA:58,0
DA:64,0
DA:66,0
DA:67,0
DA:72,1
DA:73,0
DA:74,0
DA:76,0
DA:78,0
DA:79,0
DA:85,0
DA:90,0
DA:91,0
DA:96,1
LF:41
LH:10
BRDA:11,0,0,0
BRDA:11,0,1,0
BRDA:27,1,0,0
BRDA:27,1,1,0
BRDA:57,2,0,0
BRDA:57,2,1,0
BRDA:78,3,0,0
BRDA:78,3,1,0
BRF:8
BRH:0
end_of_record
TN:
SF:resource/flavor/index.js
FN:6,(anonymous_0)
FN:24,(anonymous_1)
FN:29,(anonymous_2)
FN:33,(anonymous_3)
FN:41,(anonymous_4)
FN:44,(anonymous_5)
FN:48,(anonymous_6)
FN:51,(anonymous_7)
FN:57,(anonymous_8)
FN:63,(anonymous_9)
FN:67,(anonymous_10)
FNF:11
FNH:11
FNDA:3,(anonymous_0)
FNDA:3,(anonymous_1)
FNDA:2,(anonymous_2)
FNDA:2,(anonymous_3)
FNDA:1,(anonymous_4)
FNDA:1,(anonymous_5)
FNDA:2,(anonymous_6)
FNDA:2,(anonymous_7)
FNDA:1,(anonymous_8)
FNDA:2,(anonymous_9)
FNDA:2,(anonymous_10)
DA:1,1
DA:2,1
DA:3,1
DA:4,1
DA:6,1
DA:9,3
DA:11,3
DA:12,2
DA:14,3
DA:16,3
DA:17,2
DA:18,2
DA:21,3
DA:23,3
DA:24,3
DA:29,1
DA:30,2
DA:32,2
DA:34,2
DA:35,1
DA:36,1
DA:41,1
DA:42,1
DA:43,1
DA:44,1
DA:48,1
DA:50,2
DA:51,2
DA:52,2
DA:53,1
DA:54,1
DA:56,1
DA:57,1
DA:63,1
DA:64,2
DA:66,2
DA:68,2
DA:69,1
DA:71,1
DA:77,1
LF:40
LH:40
BRDA:11,0,0,2
BRDA:11,0,1,1
BRDA:16,1,0,2
BRDA:16,1,1,1
BRDA:17,2,0,1
BRDA:17,2,1,1
BRDA:18,3,0,1
BRDA:18,3,1,1
BRDA:21,4,0,2
BRDA:21,4,1,1
BRDA:34,5,0,1
BRDA:34,5,1,1
BRDA:52,6,0,1
BRDA:52,6,1,1
BRDA:68,7,0,1
BRDA:68,7,1,1
BRF:16
BRH:16
end_of_record
TN:
SF:resource/item/index.js
FN:8,(anonymous_0)
FN:12,(anonymous_1)
FN:15,(anonymous_2)
FN:21,(anonymous_3)
FN:27,(anonymous_4)
FN:31,(anonymous_5)
FN:36,(anonymous_6)
FNF:7
FNH:7
FNDA:2,(anonymous_0)
FNDA:4,(anonymous_1)
FNDA:1,(anonymous_2)
FNDA:4,(anonymous_3)
FNDA:4,(anonymous_4)
FNDA:3,(anonymous_5)
FNDA:2,(anonymous_6)
DA:1,1
DA:2,1
DA:3,1
DA:5,1
DA:8,1
DA:9,2
DA:11,2
DA:12,4
DA:14,1
DA:15,1
DA:18,1
DA:21,1
DA:22,4
DA:23,4
DA:24,4
DA:26,4
DA:27,4
DA:31,1
DA:32,3
DA:33,2
DA:35,2
DA:37,2
DA:38,1
DA:39,1
DA:42,1
DA:47,1
LF:26
LH:26
BRDA:11,0,0,1
BRDA:11,0,1,1
BRDA:22,1,0,1
BRDA:22,1,1,3
BRDA:32,2,0,2
BRDA:32,2,1,1
BRDA:37,3,0,1
BRDA:37,3,1,1
BRF:8
BRH:8
end_of_record
TN:
SF:resource/order/index.js
FN:10,(anonymous_0)
FN:13,(anonymous_1)
FN:16,(anonymous_2)
FN:23,(anonymous_3)
FN:33,(anonymous_4)
FN:51,(anonymous_5)
FN:56,(anonymous_6)
FN:68,(anonymous_7)
FN:87,(anonymous_8)
FN:95,(anonymous_9)
FN:101,(anonymous_10)
FN:113,(anonymous_11)
FN:116,(anonymous_12)
FN:119,(anonymous_13)
FN:130,(anonymous_14)
FN:138,(anonymous_15)
FN:138,(anonymous_16)
FN:141,(anonymous_17)
FN:169,(anonymous_18)
FN:171,(anonymous_19)
FN:171,(anonymous_20)
FN:178,(anonymous_21)
FN:180,(anonymous_22)
FN:181,(anonymous_23)
FN:185,(anonymous_24)
FN:193,(anonymous_25)
FN:210,(anonymous_26)
FN:243,(anonymous_27)
FN:246,(anonymous_28)
FN:251,(anonymous_29)
FN:257,(anonymous_30)
FN:260,(anonymous_31)
FN:261,(anonymous_32)
FN:267,(anonymous_33)
FN:277,(anonymous_34)
FN:297,(anonymous_35)
FN:302,(anonymous_36)
FN:308,(anonymous_37)
FN:311,(anonymous_38)
FN:318,(anonymous_39)
FN:324,(anonymous_40)
FN:330,(anonymous_41)
FN:343,(anonymous_42)
FN:347,(anonymous_43)
FN:355,(anonymous_44)
FN:360,(anonymous_45)
FN:363,(anonymous_46)
FN:364,(anonymous_47)
FN:365,(anonymous_48)
FN:376,(anonymous_49)
FN:382,(anonymous_50)
FN:386,(anonymous_51)
FN:406,(anonymous_52)
FN:417,(anonymous_53)
FN:423,(anonymous_54)
FN:440,(anonymous_55)
FN:443,(anonymous_56)
FN:452,(anonymous_57)
FN:467,(anonymous_58)
FN:471,(anonymous_59)
FN:477,(anonymous_60)
FN:491,(anonymous_61)
FN:496,(anonymous_62)
FN:507,(anonymous_63)
FN:515,(anonymous_64)
FN:521,(anonymous_65)
FN:523,(anonymous_66)
FN:526,(anonymous_67)
FN:532,(anonymous_68)
FN:554,(anonymous_69)
FN:565,(anonymous_70)
FN:578,(anonymous_71)
FN:587,(anonymous_72)
FN:590,(anonymous_73)
FNF:74
FNH:52
FNDA:9,(anonymous_0)
FNDA:9,(anonymous_1)
FNDA:26,(anonymous_2)
FNDA:5,(anonymous_3)
FNDA:3,(anonymous_4)
FNDA:2,(anonymous_5)
FNDA:2,(anonymous_6)
FNDA:6,(anonymous_7)
FNDA:1,(anonymous_8)
FNDA:1,(anonymous_9)
FNDA:1,(anonymous_10)
FNDA:0,(anonymous_11)
FNDA:0,(anonymous_12)
FNDA:0,(anonymous_13)
FNDA:5,(anonymous_14)
FNDA:2,(anonymous_15)
FNDA:2,(anonymous_16)
FNDA:1,(anonymous_17)
FNDA:1,(anonymous_18)
FNDA:0,(anonymous_19)
FNDA:0,(anonymous_20)
FNDA:1,(anonymous_21)
FNDA:1,(anonymous_22)
FNDA:1,(anonymous_23)
FNDA:1,(anonymous_24)
FNDA:2,(anonymous_25)
FNDA:1,(anonymous_26)
FNDA:2,(anonymous_27)
FNDA:1,(anonymous_28)
FNDA:1,(anonymous_29)
FNDA:1,(anonymous_30)
FNDA:1,(anonymous_31)
FNDA:1,(anonymous_32)
FNDA:1,(anonymous_33)
FNDA:1,(anonymous_34)
FNDA:1,(anonymous_35)
FNDA:1,(anonymous_36)
FNDA:1,(anonymous_37)
FNDA:0,(anonymous_38)
FNDA:1,(anonymous_39)
FNDA:1,(anonymous_40)
FNDA:1,(anonymous_41)
FNDA:2,(anonymous_42)
FNDA:2,(anonymous_43)
FNDA:1,(anonymous_44)
FNDA:1,(anonymous_45)
FNDA:2,(anonymous_46)
FNDA:2,(anonymous_47)
FNDA:1,(anonymous_48)
FNDA:3,(anonymous_49)
FNDA:3,(anonymous_50)
FNDA:4,(anonymous_51)
FNDA:1,(anonymous_52)
FNDA:1,(anonymous_53)
FNDA:1,(anonymous_54)
FNDA:1,(anonymous_55)
FNDA:2,(anonymous_56)
FNDA:1,(anonymous_57)
FNDA:0,(anonymous_58)
FNDA:0,(anonymous_59)
FNDA:0,(anonymous_60)
FNDA:0,(anonymous_61)
FNDA:0,(anonymous_62)
FNDA:0,(anonymous_63)
FNDA:0,(anonymous_64)
FNDA:0,(anonymous_65)
FNDA:0,(anonymous_66)
FNDA:0,(anonymous_67)
FNDA:0,(anonymous_68)
FNDA:0,(anonymous_69)
FNDA:0,(anonymous_70)
FNDA:0,(anonymous_71)
FNDA:0,(anonymous_72)
FNDA:0,(anonymous_73)
DA:1,1
DA:2,1
DA:3,1
DA:5,1
DA:6,1
DA:7,1
DA:8,1
DA:10,1
DA:11,9
DA:13,9
DA:15,9
DA:16,26
DA:18,0
DA:23,1
DA:25,5
DA:26,5
DA:28,5
DA:29,2
DA:31,3
DA:33,3
DA:35,3
DA:37,2
DA:43,2
DA:45,2
DA:50,2
DA:53,2
DA:55,2
DA:56,2
DA:61,1
DA:68,1
DA:69,6
DA:71,6
DA:73,6
DA:75,6
DA:77,6
DA:79,6
DA:80,6
DA:81,6
DA:82,6
DA:84,6
DA:86,6
DA:88,1
DA:90,1
DA:91,1
DA:92,1
DA:94,1
DA:96,1
DA:98,1
DA:100,1
DA:103,1
DA:105,1
DA:107,1
DA:108,1
DA:110,1
DA:112,1
DA:114,0
DA:115,0
DA:117,0
DA:118,0
DA:120,0
DA:130,5
DA:138,2
DA:139,2
DA:141,2
DA:143,1
DA:145,1
DA:146,0
DA:155,1
DA:158,1
DA:160,1
DA:161,1
DA:162,1
DA:164,1
DA:166,1
DA:168,1
DA:170,1
DA:171,0
DA:172,0
DA:175,1
DA:177,1
DA:180,1
DA:181,1
DA:183,1
DA:185,1
DA:186,1
DA:188,1
DA:190,1
DA:191,1
DA:193,1
DA:194,2
DA:197,1
DA:198,1
DA:203,1
DA:208,1
DA:210,1
DA:211,1
DA:213,0
DA:214,0
DA:216,0
DA:217,0
DA:219,0
DA:220,0
DA:222,1
DA:223,1
DA:228,1
DA:239,1
DA:243,2
DA:246,1
DA:247,1
DA:249,1
DA:250,1
DA:253,1
DA:254,0
DA:257,1
DA:258,1
DA:260,1
DA:261,1
DA:263,1
DA:264,0
DA:267,1
DA:269,1
DA:270,0
DA:273,1
DA:274,1
DA:275,1
DA:277,1
DA:278,1
DA:280,0
DA:283,1
DA:286,1
DA:291,0
DA:297,1
DA:298,1
DA:300,1
DA:302,1
DA:303,1
DA:304,0
DA:307,1
DA:309,1
DA:311,1
DA:312,0
DA:315,1
DA:316,1
DA:317,1
DA:319,1
DA:321,1
DA:323,1
DA:325,1
DA:329,1
DA:331,1
DA:343,1
DA:344,2
DA:346,2
DA:347,2
DA:348,2
DA:349,1
DA:351,1
DA:355,1
DA:356,1
DA:358,1
DA:359,1
DA:361,1
DA:363,1
DA:364,2
DA:365,2
DA:366,1
DA:370,1
DA:372,1
DA:376,1
DA:377,3
DA:379,3
DA:381,3
DA:383,3
DA:384,1
DA:386,4
DA:388,2
DA:389,2
DA:390,1
DA:396,1
DA:399,2
DA:401,1
DA:406,1
DA:407,1
DA:409,1
DA:411,1
DA:412,1
DA:414,1
DA:416,1
DA:419,1
DA:420,0
DA:423,1
DA:425,1
DA:427,1
DA:428,0
DA:431,1
DA:432,0
DA:435,1
DA:437,1
DA:439,1
DA:441,1
DA:443,1
DA:444,2
DA:445,2
DA:449,1
DA:451,1
DA:453,1
DA:454,1
DA:467,1
DA:468,0
DA:469,0
DA:471,0
DA:472,0
DA:474,0
DA:477,0
DA:479,0
DA:481,0
DA:485,0
DA:486,0
DA:487,0
DA:488,0
DA:491,0
DA:493,0
DA:498,0
DA:507,1
DA:508,0
DA:510,0
DA:512,0
DA:513,0
DA:515,0
DA:516,0
DA:518,0
DA:521,0
DA:523,0
DA:525,0
DA:526,0
DA:527,0
DA:528,0
DA:531,0
DA:532,0
DA:533,0
DA:537,0
DA:539,0
DA:541,0
DA:544,0
DA:546,0
DA:549,0
DA:551,0
DA:553,0
DA:555,0
DA:566,0
DA:568,0
DA:572,0
DA:574,0
DA:580,0
DA:587,1
DA:588,0
DA:590,0
DA:591,0
DA:593,0
DA:596,0
DA:598,0
DA:600,0
DA:601,0
DA:603,0
DA:605,0
DA:608,0
DA:612,0
DA:617,0
DA:625,1
LF:269
LH:186
BRDA:15,0,0,9
BRDA:15,0,1,0
BRDA:28,1,0,2
BRDA:28,1,1,3
BRDA:28,2,0,5
BRDA:28,2,1,3
BRDA:35,3,0,2
BRDA:35,3,1,1
BRDA:73,4,0,2
BRDA:73,4,1,4
BRDA:73,5,0,6
BRDA:73,5,1,4
BRDA:75,6,0,2
BRDA:75,6,1,4
BRDA:75,7,0,6
BRDA:75,7,1,5
BRDA:75,7,2,4
BRDA:75,7,3,4
BRDA:114,8,0,0
BRDA:114,8,1,0
BRDA:138,9,0,1
BRDA:145,10,0,0
BRDA:145,10,1,1
BRDA:145,11,0,1
BRDA:145,11,1,1
BRDA:145,11,2,1
BRDA:160,12,0,1
BRDA:160,12,1,0
BRDA:170,13,0,0
BRDA:170,13,1,1
BRDA:183,14,0,1
BRDA:183,14,1,0
BRDA:183,15,0,1
BRDA:183,15,1,1
BRDA:183,15,2,1
BRDA:190,16,0,1
BRDA:190,16,1,0
BRDA:211,17,0,0
BRDA:211,17,1,0
BRDA:211,17,2,0
BRDA:211,17,3,1
BRDA:234,18,0,1
BRDA:234,18,1,0
BRDA:253,19,0,0
BRDA:253,19,1,1
BRDA:257,20,0,1
BRDA:257,20,1,0
BRDA:257,21,0,1
BRDA:257,21,1,1
BRDA:257,21,2,1
BRDA:263,22,0,0
BRDA:263,22,1,1
BRDA:269,23,0,0
BRDA:269,23,1,1
BRDA:278,24,0,0
BRDA:278,24,1,1
BRDA:303,25,0,0
BRDA:303,25,1,1
BRDA:348,26,0,1
BRDA:348,26,1,1
BRDA:348,27,0,2
BRDA:348,27,1,1
BRDA:365,28,0,1
BRDA:365,28,1,1
BRDA:383,29,0,1
BRDA:383,29,1,2
BRDA:389,30,0,1
BRDA:389,30,1,1
BRDA:419,31,0,0
BRDA:419,31,1,1
BRDA:419,32,0,1
BRDA:419,32,1,1
BRDA:427,33,0,0
BRDA:427,33,1,1
BRDA:431,34,0,0
BRDA:431,34,1,1
BRDA:431,35,0,1
BRDA:431,35,1,0
BRDA:444,36,0,2
BRDA:444,36,1,0
BRDA:472,37,0,0
BRDA:472,37,1,0
BRDA:472,38,0,0
BRDA:472,38,1,0
BRDA:477,39,0,0
BRDA:477,39,1,0
BRDA:479,40,0,0
BRDA:479,40,1,0
BRDA:516,41,0,0
BRDA:516,41,1,0
BRDA:516,42,0,0
BRDA:516,42,1,0
BRDA:516,42,2,0
BRDA:527,43,0,0
BRDA:527,43,1,0
BRDA:539,44,0,0
BRDA:539,44,1,0
BRDA:544,45,0,0
BRDA:544,45,1,0
BRDA:544,46,0,0
BRDA:544,46,1,0
BRDA:566,47,0,0
BRDA:566,47,1,0
BRDA:591,48,0,0
BRDA:591,48,1,0
BRDA:596,49,0,0
BRDA:596,49,1,0
BRDA:600,50,0,0
BRDA:600,50,1,0
BRDA:603,51,0,0
BRDA:603,51,1,0
BRF:111
BRH:57
end_of_record
TN:
SF:resource/pizza/index.js
FN:7,(anonymous_0)
FN:11,(anonymous_1)
FN:16,(anonymous_2)
FN:21,(anonymous_3)
FN:27,(anonymous_4)
FN:30,(anonymous_5)
FN:34,(anonymous_6)
FN:39,(anonymous_7)
FN:45,(anonymous_8)
FN:51,(anonymous_9)
FN:56,(anonymous_10)
FNF:11
FNH:11
FNDA:1,(anonymous_0)
FNDA:1,(anonymous_1)
FNDA:2,(anonymous_2)
FNDA:2,(anonymous_3)
FNDA:4,(anonymous_4)
FNDA:1,(anonymous_5)
FNDA:2,(anonymous_6)
FNDA:2,(anonymous_7)
FNDA:1,(anonymous_8)
FNDA:2,(anonymous_9)
FNDA:2,(anonymous_10)
DA:1,1
DA:2,1
DA:3,1
DA:4,1
DA:7,1
DA:8,1
DA:10,1
DA:12,1
DA:16,1
DA:17,2
DA:18,2
DA:20,2
DA:22,2
DA:23,1
DA:27,1
DA:28,4
DA:29,4
DA:30,1
DA:34,1
DA:35,2
DA:36,2
DA:38,2
DA:40,2
DA:42,1
DA:44,1
DA:45,1
DA:51,1
DA:52,2
DA:53,2
DA:55,2
DA:57,2
DA:58,1
DA:62,1
LF:33
LH:33
BRDA:22,0,0,1
BRDA:22,0,1,1
BRDA:40,1,0,1
BRDA:40,1,1,1
BRDA:57,2,0,1
BRDA:57,2,1,1
BRF:6
BRH:6
end_of_record
TN:
SF:resource/product/index.js
FN:10,(anonymous_0)
FN:11,(anonymous_1)
FN:12,(anonymous_2)
FN:26,(anonymous_3)
FN:26,(anonymous_4)
FN:28,(anonymous_5)
FN:36,(anonymous_6)
FN:36,(anonymous_7)
FN:37,(anonymous_8)
FN:64,(anonymous_9)
FN:64,(anonymous_10)
FN:65,(anonymous_11)
FN:78,(anonymous_12)
FN:78,(anonymous_13)
FN:79,(anonymous_14)
FN:89,(anonymous_15)
FNF:16
FNH:0
FNDA:0,(anonymous_0)
FNDA:0,(anonymous_1)
FNDA:0,(anonymous_2)
FNDA:0,(anonymous_3)
FNDA:0,(anonymous_4)
FNDA:0,(anonymous_5)
FNDA:0,(anonymous_6)
FNDA:0,(anonymous_7)
FNDA:0,(anonymous_8)
FNDA:0,(anonymous_9)
FNDA:0,(anonymous_10)
FNDA:0,(anonymous_11)
FNDA:0,(anonymous_12)
FNDA:0,(anonymous_13)
FNDA:0,(anonymous_14)
FNDA:0,(anonymous_15)
DA:1,1
DA:3,1
DA:5,1
DA:6,1
DA:10,1
DA:11,0
DA:12,0
DA:13,0
DA:14,0
DA:21,0
DA:26,1
DA:27,0
DA:28,0
DA:30,0
DA:36,1
DA:37,0
DA:38,0
DA:39,0
DA:45,0
DA:46,0
DA:53,0
DA:54,0
DA:55,0
DA:57,0
DA:64,1
DA:65,0
DA:66,0
DA:67,0
DA:71,0
DA:73,0
DA:78,1
DA:79,0
DA:80,0
DA:81,0
DA:82,0
DA:89,0
DA:90,0
DA:91,0
DA:96,1
LF:39
LH:10
BRDA:13,0,0,0
BRDA:13,0,1,0
BRDA:38,1,0,0
BRDA:38,1,1,0
BRDA:45,2,0,0
BRDA:45,2,1,0
BRDA:66,3,0,0
BRDA:66,3,1,0
BRDA:80,4,0,0
BRDA:80,4,1,0
BRDA:81,5,0,0
BRDA:81,5,1,0
BRDA:90,6,0,0
BRDA:90,6,1,0
BRF:14
BRH:0
end_of_record
TN:
SF:resource/provider/index.js
FN:10,(anonymous_0)
FN:11,(anonymous_1)
FN:12,(anonymous_2)
FN:24,(anonymous_3)
FN:25,(anonymous_4)
FN:28,(anonymous_5)
FN:34,(anonymous_6)
FN:39,(anonymous_7)
FN:55,(anonymous_8)
FN:56,(anonymous_9)
FN:64,(anonymous_10)
FN:73,(anonymous_11)
FN:96,(anonymous_12)
FN:97,(anonymous_13)
FN:104,(anonymous_14)
FN:111,(anonymous_15)
FNF:16
FNH:0
FNDA:0,(anonymous_0)
FNDA:0,(anonymous_1)
FNDA:0,(anonymous_2)
FNDA:0,(anonymous_3)
FNDA:0,(anonymous_4)
FNDA:0,(anonymous_5)
FNDA:0,(anonymous_6)
FNDA:0,(anonymous_7)
FNDA:0,(anonymous_8)
FNDA:0,(anonymous_9)
FNDA:0,(anonymous_10)
FNDA:0,(anonymous_11)
FNDA:0,(anonymous_12)
FNDA:0,(anonymous_13)
FNDA:0,(anonymous_14)
FNDA:0,(anonymous_15)
DA:1,1
DA:3,1
DA:4,1
DA:6,1
DA:7,1
DA:10,1
DA:11,0
DA:12,0
DA:13,0
DA:14,0
DA:19,0
DA:24,1
DA:25,0
DA:26,0
DA:28,0
DA:29,0
DA:30,0
DA:32,0
DA:36,0
DA:41,0
DA:55,1
DA:56,0
DA:57,0
DA:58,0
DA:62,0
DA:64,0
DA:65,0
DA:66,0
DA:71,0
DA:73,0
DA:74,0
DA:76,0
DA:82,0
DA:87,0
DA:96,1
DA:97,0
DA:98,0
DA:99,0
DA:103,0
DA:104,0
DA:105,0
DA:106,0
DA:111,0
DA:112,0
DA:113,0
DA:118,0
DA:123,0
DA:131,1
LF:48
LH:10
BRDA:13,0,0,0
BRDA:13,0,1,0
BRDA:41,1,0,0
BRDA:41,1,1,0
BRDA:57,2,0,0
BRDA:57,2,1,0
BRDA:65,3,0,0
BRDA:65,3,1,0
BRDA:74,4,0,0
BRDA:74,4,1,0
BRDA:98,5,0,0
BRDA:98,5,1,0
BRDA:105,6,0,0
BRDA:105,6,1,0
BRDA:112,7,0,0
BRDA:112,7,1,0
BRF:16
BRH:0
end_of_record
TN:
SF:resource/table/index.js
FN:8,(anonymous_0)
FN:11,(anonymous_1)
FN:12,(anonymous_2)
FN:17,(anonymous_3)
FN:22,(anonymous_4)
FN:28,(anonymous_5)
FN:32,(anonymous_6)
FN:37,(anonymous_7)
FN:42,(anonymous_8)
FN:49,(anonymous_9)
FNF:10
FNH:0
FNDA:0,(anonymous_0)
FNDA:0,(anonymous_1)
FNDA:0,(anonymous_2)
FNDA:0,(anonymous_3)
FNDA:0,(anonymous_4)
FNDA:0,(anonymous_5)
FNDA:0,(anonymous_6)
FNDA:0,(anonymous_7)
FNDA:0,(anonymous_8)
FNDA:0,(anonymous_9)
DA:1,1
DA:3,1
DA:4,1
DA:5,1
DA:8,1
DA:9,0
DA:10,0
DA:12,0
DA:17,1
DA:18,0
DA:19,0
DA:21,0
DA:23,0
DA:24,0
DA:28,1
DA:29,0
DA:31,0
DA:33,0
DA:37,1
DA:38,0
DA:39,0
DA:41,0
DA:43,0
DA:44,0
DA:46,0
DA:48,0
DA:49,0
DA:54,1
LF:28
LH:9
BRDA:23,0,0,0
BRDA:23,0,1,0
BRDA:43,1,0,0
BRDA:43,1,1,0
BRF:4
BRH:0
end_of_record
TN:
SF:resource/user/index.js
FN:11,(anonymous_0)
FN:16,(anonymous_1)
FN:17,(anonymous_2)
FN:22,(anonymous_3)
FN:34,(anonymous_4)
FN:40,(anonymous_5)
FN:50,(anonymous_6)
FN:55,(anonymous_7)
FN:61,(anonymous_8)
FN:64,(anonymous_9)
FN:77,(anonymous_10)
FN:82,(anonymous_11)
FN:88,(anonymous_12)
FNF:13
FNH:13
FNDA:2,(anonymous_0)
FNDA:2,(anonymous_1)
FNDA:1,(anonymous_2)
FNDA:9,(anonymous_3)
FNDA:5,(anonymous_4)
FNDA:2,(anonymous_5)
FNDA:1,(anonymous_6)
FNDA:9,(anonymous_7)
FNDA:1,(anonymous_8)
FNDA:3,(anonymous_9)
FNDA:3,(anonymous_10)
FNDA:3,(anonymous_11)
FNDA:1,(anonymous_12)
DA:1,1
DA:3,1
DA:4,1
DA:6,1
DA:7,1
DA:8,1
DA:11,1
DA:13,2
DA:15,2
DA:17,2
DA:18,1
DA:20,1
DA:22,1
DA:23,9
DA:26,1
DA:29,2
DA:34,1
DA:35,5
DA:37,5
DA:39,5
DA:42,2
DA:48,2
DA:50,2
DA:51,1
DA:53,1
DA:55,1
DA:56,9
DA:59,1
DA:61,1
DA:65,3
DA:70,3
DA:77,1
DA:78,3
DA:79,3
DA:81,3
DA:83,3
DA:85,2
DA:87,2
DA:88,1
DA:94,1
LF:40
LH:40
BRDA:23,0,0,8
BRDA:23,0,1,1
BRDA:56,1,0,8
BRDA:56,1,1,1
BRDA:68,2,0,3
BRDA:68,2,1,0
BRDA:83,3,0,1
BRDA:83,3,1,2
BRF:8
BRH:7
end_of_record
TN:
SF:resource/utils/index.js
FN:5,(anonymous_0)
FN:5,(anonymous_1)
FN:8,(anonymous_2)
FN:11,(anonymous_3)
FN:25,(anonymous_4)
FN:30,(anonymous_5)
FN:30,(anonymous_6)
FN:30,(anonymous_7)
FN:31,(anonymous_8)
FN:36,(anonymous_9)
FN:43,(anonymous_10)
FN:48,(anonymous_11)
FN:56,(anonymous_12)
FN:62,(anonymous_13)
FN:67,(anonymous_14)
FN:86,(anonymous_15)
FN:95,(anonymous_16)
FN:98,(anonymous_17)
FN:116,(anonymous_18)
FN:124,(anonymous_19)
FNF:20
FNH:11
FNDA:34,(anonymous_0)
FNDA:34,(anonymous_1)
FNDA:26,(anonymous_2)
FNDA:5,(anonymous_3)
FNDA:8,(anonymous_4)
FNDA:0,(anonymous_5)
FNDA:0,(anonymous_6)
FNDA:0,(anonymous_7)
FNDA:0,(anonymous_8)
FNDA:0,(anonymous_9)
FNDA:0,(anonymous_10)
FNDA:15,(anonymous_11)
FNDA:3,(anonymous_12)
FNDA:5,(anonymous_13)
FNDA:0,(anonymous_14)
FNDA:2,(anonymous_15)
FNDA:2,(anonymous_16)
FNDA:0,(anonymous_17)
FNDA:1,(anonymous_18)
FNDA:0,(anonymous_19)
DA:2,1
DA:3,1
DA:5,34
DA:7,34
DA:9,26
DA:13,5
DA:14,5
DA:19,5
DA:21,0
DA:26,8
DA:30,1
DA:31,0
DA:32,0
DA:33,0
DA:36,0
DA:37,0
DA:38,0
DA:40,0
DA:44,0
DA:45,0
DA:48,15
DA:56,1
DA:57,3
DA:58,3
DA:60,3
DA:62,3
DA:63,5
DA:67,3
DA:68,0
DA:71,3
DA:72,3
DA:73,3
DA:74,3
DA:76,3
DA:77,3
DA:78,3
DA:79,3
DA:80,3
DA:81,3
DA:83,3
DA:86,1
DA:87,2
DA:88,2
DA:90,2
DA:91,2
DA:92,2
DA:93,2
DA:95,2
DA:96,2
DA:98,2
DA:99,0
DA:102,2
DA:105,1
DA:116,1
DA:117,1
DA:118,1
DA:120,1
DA:121,1
DA:122,1
DA:124,1
DA:125,0
DA:128,1
DA:138,1
DA:142,1
LF:64
LH:51
BRDA:13,0,0,5
BRDA:13,0,1,0
BRDA:13,1,0,5
BRDA:13,1,1,5
BRDA:30,2,0,0
BRDA:32,3,0,0
BRDA:32,3,1,0
BRDA:37,4,0,0
BRDA:37,4,1,0
BRDA:44,5,0,0
BRDA:44,5,1,0
BRDA:57,6,0,3
BRDA:57,6,1,3
BRF:13
BRH:5
end_of_record
TN:
SF:resource/waitinglist/index.js
FN:8,(anonymous_0)
FN:11,(anonymous_1)
FN:15,(anonymous_2)
FN:20,(anonymous_3)
FN:24,(anonymous_4)
FN:29,(anonymous_5)
FNF:6
FNH:6
FNDA:3,(anonymous_0)
FNDA:3,(anonymous_1)
FNDA:1,(anonymous_2)
FNDA:1,(anonymous_3)
FNDA:2,(anonymous_4)
FNDA:2,(anonymous_5)
DA:1,1
DA:3,1
DA:4,1
DA:6,1
DA:8,1
DA:9,3
DA:10,3
DA:11,3
DA:15,1
DA:16,1
DA:17,1
DA:19,1
DA:20,1
DA:24,1
DA:25,2
DA:26,2
DA:28,2
DA:30,2
DA:31,1
DA:32,1
DA:37,1
LF:21
LH:21
BRDA:30,0,0,1
BRDA:30,0,1,1
BRF:2
BRH:2
end_of_record
TN:
SF:utils/dbmanager.js
FN:8,(anonymous_0)
FN:13,(anonymous_1)
FN:17,(anonymous_2)
FN:20,(anonymous_3)
FN:21,(anonymous_4)
FN:22,(anonymous_5)
FN:26,(anonymous_6)
FN:34,(anonymous_7)
FNF:8
FNH:2
FNDA:1,(anonymous_0)
FNDA:1,(anonymous_1)
FNDA:0,(anonymous_2)
FNDA:0,(anonymous_3)
FNDA:0,(anonymous_4)
FNDA:0,(anonymous_5)
FNDA:0,(anonymous_6)
FNDA:0,(anonymous_7)
DA:1,1
DA:3,1
DA:4,1
DA:5,1
DA:6,1
DA:9,1
DA:10,1
DA:14,1
DA:15,1
DA:16,0
DA:18,0
DA:20,0
DA:21,0
DA:22,0
DA:27,0
DA:35,0
DA:39,1
LF:17
LH:10
BRDA:14,0,0,1
BRDA:14,0,1,0
BRDA:15,1,0,0
BRDA:15,1,1,1
BRF:4
BRH:2
end_of_record
TN:
SF:utils/globalSetup.js
FN:3,(anonymous_0)
FNF:1
FNH:1
FNDA:1,(anonymous_0)
DA:1,1
DA:3,1
DA:4,1
DA:5,1
DA:6,1
DA:7,1
DA:8,1
DA:11,0
LF:8
LH:7
BRF:0
BRH:0
end_of_record
