TN:
SF:app.js
FN:63,(anonymous_0)
FN:67,(anonymous_1)
FN:76,(anonymous_2)
FN:80,(anonymous_3)
FN:81,(anonymous_4)
FN:82,(anonymous_5)
FN:88,(anonymous_6)
FN:89,(anonymous_7)
FN:90,(anonymous_8)
FN:95,(anonymous_9)
FN:96,(anonymous_10)
FN:104,(anonymous_11)
FN:113,(anonymous_12)
FN:121,(anonymous_13)
FN:133,(anonymous_14)
FN:159,(anonymous_15)
FNF:16
FNH:10
FNDA:133,(anonymous_0)
FNDA:133,(anonymous_1)
FNDA:0,(anonymous_2)
FNDA:37,(anonymous_3)
FNDA:37,(anonymous_4)
FNDA:0,(anonymous_5)
FNDA:19,(anonymous_6)
FNDA:0,(anonymous_7)
FNDA:0,(anonymous_8)
FNDA:0,(anonymous_9)
FNDA:0,(anonymous_10)
FNDA:56,(anonymous_11)
FNDA:52,(anonymous_12)
FNDA:3,(anonymous_13)
FNDA:133,(anonymous_14)
FNDA:56,(anonymous_15)
DA:1,1
DA:2,1
DA:3,1
DA:4,1
DA:5,1
DA:6,1
DA:7,1
DA:8,1
DA:9,1
DA:10,1
DA:11,1
DA:13,1
DA:14,1
DA:15,1
DA:17,1
DA:19,1
DA:20,1
DA:21,1
DA:22,1
DA:23,1
DA:24,1
DA:25,1
DA:26,1
DA:27,1
DA:29,1
DA:31,1
DA:32,1
DA:33,1
DA:34,1
DA:36,1
DA:38,1
DA:39,1
DA:40,1
DA:41,1
DA:42,1
DA:43,1
DA:44,1
DA:45,1
DA:46,1
DA:47,1
DA:48,1
DA:49,1
DA:50,1
DA:52,1
DA:54,1
DA:55,1
DA:56,1
DA:58,1
DA:59,0
DA:61,1
DA:63,133
DA:67,1
DA:68,133
DA:69,133
DA:70,133
DA:71,133
DA:72,133
DA:76,1
DA:77,0
DA:80,1
DA:81,37
DA:82,37
DA:85,37
DA:88,1
DA:89,19
DA:90,0
DA:91,0
DA:92,0
DA:95,0
DA:96,0
DA:97,0
DA:101,19
DA:104,1
DA:105,56
DA:106,55
DA:108,55
DA:109,55
DA:111,55
DA:115,52
DA:116,0
DA:118,52
DA:119,52
DA:122,3
DA:126,0
DA:129,1
DA:133,1
DA:134,133
DA:135,77
DA:136,56
DA:138,2
DA:141,1
DA:143,1
DA:144,1
DA:145,1
DA:146,1
DA:147,1
DA:148,1
DA:149,1
DA:150,1
DA:151,1
DA:152,1
DA:153,1
DA:154,1
DA:159,1
DA:161,56
DA:166,56
DA:168,56
DA:171,1
LF:108
LH:98
BRDA:58,0,0,0
BRDA:58,0,1,1
BRDA:90,1,0,0
BRDA:90,1,1,0
BRDA:105,2,0,55
BRDA:105,2,1,1
BRDA:106,3,0,55
BRDA:106,3,1,0
BRDA:108,4,0,55
BRDA:108,4,1,0
BRDA:115,5,0,0
BRDA:115,5,1,52
BRDA:115,6,0,52
BRDA:115,6,1,0
BRDA:134,7,0,77
BRDA:134,7,1,56
BRDA:134,8,0,133
BRDA:134,8,1,71
BRDA:136,9,0,54
BRDA:136,9,1,2
BRDA:136,10,0,56
BRDA:136,10,1,11
BRDA:162,11,0,56
BRDA:162,11,1,0
BRDA:163,12,0,56
BRDA:163,12,1,3
BRDA:164,13,0,56
BRDA:164,13,1,0
BRDA:166,14,0,56
BRDA:166,14,1,0
BRF:30
BRH:20
end_of_record
TN:
SF:model/clientModel.js
FNF:0
FNH:0
DA:1,1
DA:3,1
DA:10,1
LF:3
LH:3
BRF:0
BRH:0
end_of_record
TN:
SF:model/customerModel.js
FN:13,(anonymous_0)
FNF:1
FNH:1
FNDA:14,(anonymous_0)
DA:1,1
DA:3,1
DA:5,1
DA:13,14
DA:20,1
DA:22,1
LF:6
LH:6
BRF:0
BRH:0
end_of_record
TN:
SF:model/deliveryModel.js
FN:15,(anonymous_0)
FNF:1
FNH:1
FNDA:14,(anonymous_0)
DA:1,1
DA:3,1
DA:15,14
DA:26,1
DA:27,1
LF:5
LH:5
BRDA:15,0,0,14
BRDA:15,0,1,13
BRDA:15,0,2,13
BRF:3
BRH:3
end_of_record
TN:
SF:model/flavorModel.js
FNF:0
FNH:0
DA:1,1
DA:3,1
DA:15,1
DA:17,1
LF:4
LH:4
BRF:0
BRH:0
end_of_record
TN:
SF:model/index.js
FNF:0
FNH:0
DA:1,1
DA:2,1
DA:3,1
DA:4,1
DA:5,1
DA:6,1
DA:7,1
DA:8,1
DA:9,1
DA:10,1
DA:11,1
DA:12,1
DA:13,1
DA:15,1
LF:14
LH:14
BRF:0
BRH:0
end_of_record
TN:
SF:model/itemsModel.js
FNF:0
FNH:0
DA:1,1
DA:3,1
DA:7,1
DA:10,1
LF:4
LH:4
BRF:0
BRH:0
end_of_record
TN:
SF:model/orderModel.js
FNF:0
FNH:0
DA:1,1
DA:3,1
DA:19,1
DA:21,1
LF:4
LH:4
BRF:0
BRH:0
end_of_record
TN:
SF:model/paymentModel.js
FNF:0
FNH:0
DA:1,1
DA:3,1
DA:13,1
LF:3
LH:3
BRF:0
BRH:0
end_of_record
TN:
SF:model/pizzaModel.js
FN:8,(anonymous_0)
FNF:1
FNH:1
FNDA:8,(anonymous_0)
DA:1,1
DA:3,1
DA:8,8
DA:17,1
DA:19,1
LF:5
LH:5
BRF:0
BRH:0
end_of_record
TN:
SF:model/productModel.js
FNF:0
FNH:0
DA:1,1
DA:3,1
DA:16,1
DA:18,1
LF:4
LH:4
BRF:0
BRH:0
end_of_record
TN:
SF:model/providerModel.js
FN:3,(anonymous_0)
FN:73,(anonymous_1)
FNF:2
FNH:0
FNDA:0,(anonymous_0)
FNDA:0,(anonymous_1)
DA:1,1
DA:3,1
DA:5,0
DA:7,0
DA:9,0
DA:10,0
DA:12,0
DA:22,0
DA:24,0
DA:25,0
DA:26,0
DA:27,0
DA:28,0
DA:29,0
DA:30,0
DA:31,0
DA:32,0
DA:34,0
DA:35,0
DA:36,0
DA:38,0
DA:39,0
DA:40,0
DA:41,0
DA:42,0
DA:43,0
DA:44,0
DA:45,0
DA:47,0
DA:48,0
DA:49,0
DA:51,0
DA:55,1
DA:73,0
DA:80,1
DA:82,1
LF:36
LH:5
BRDA:7,0,0,0
BRDA:7,0,1,0
BRDA:9,1,0,0
BRDA:9,1,1,0
BRDA:12,2,0,0
BRDA:12,2,1,0
BRDA:12,3,0,0
BRDA:12,3,1,0
BRDA:12,3,2,0
BRDA:12,3,3,0
BRDA:12,3,4,0
BRDA:12,3,5,0
BRDA:12,3,6,0
BRDA:12,3,7,0
BRDA:12,3,8,0
BRDA:12,3,9,0
BRDA:31,4,0,0
BRDA:31,4,1,0
BRDA:34,5,0,0
BRDA:34,5,1,0
BRDA:35,6,0,0
BRDA:35,6,1,0
BRDA:44,7,0,0
BRDA:44,7,1,0
BRDA:47,8,0,0
BRDA:47,8,1,0
BRDA:48,9,0,0
BRDA:48,9,1,0
BRF:28
BRH:0
end_of_record
TN:
SF:model/tableModel.js
FNF:0
FNH:0
DA:1,1
DA:3,1
DA:15,1
LF:3
LH:3
BRF:0
BRH:0
end_of_record
TN:
SF:model/userModel.js
FN:10,(anonymous_0)
FN:22,(anonymous_1)
FN:30,(anonymous_2)
FN:40,(anonymous_3)
FN:40,(anonymous_4)
FNF:5
FNH:5
FNDA:15,(anonymous_0)
FNDA:15,(anonymous_1)
FNDA:15,(anonymous_2)
FNDA:16,(anonymous_3)
FNDA:25,(anonymous_4)
DA:1,1
DA:3,1
DA:5,1
DA:10,15
DA:22,15
DA:30,15
DA:40,25
DA:46,1
DA:49,1
LF:9
LH:9
BRF:0
BRH:0
end_of_record
TN:
SF:model/waitingListModel.js
FNF:0
FNH:0
DA:1,1
DA:3,1
DA:8,1
DA:10,1
LF:4
LH:4
BRF:0
BRH:0
end_of_record
TN:
SF:resource/authentication/endpoints/index.js
FN:11,(anonymous_0)
FN:63,(anonymous_1)
FN:70,(anonymous_2)
FN:85,(anonymous_3)
FN:91,(anonymous_4)
FNF:5
FNH:5
FNDA:16,(anonymous_0)
FNDA:8,(anonymous_1)
FNDA:8,(anonymous_2)
FNDA:3,(anonymous_3)
FNDA:1,(anonymous_4)
DA:1,1
DA:2,1
DA:3,1
DA:4,1
DA:6,1
DA:11,1
DA:13,16
DA:15,16
DA:17,1
DA:24,15
DA:27,1
DA:34,14
DA:37,1
DA:44,13
DA:46,1
DA:53,12
DA:55,1
DA:62,11
DA:65,8
DA:67,8
DA:69,8
DA:71,8
DA:85,1
DA:86,3
DA:88,3
DA:90,3
DA:92,1
DA:94,1
DA:95,1
DA:100,1
LF:30
LH:30
BRDA:15,0,0,1
BRDA:15,0,1,15
BRDA:24,1,0,1
BRDA:24,1,1,14
BRDA:24,2,0,15
BRDA:24,2,1,14
BRDA:34,3,0,1
BRDA:34,3,1,13
BRDA:34,4,0,14
BRDA:34,4,1,13
BRDA:44,5,0,1
BRDA:44,5,1,12
BRDA:44,6,0,13
BRDA:44,6,1,12
BRDA:53,7,0,1
BRDA:53,7,1,11
BRDA:53,8,0,12
BRDA:53,8,1,11
BRDA:65,9,0,8
BRDA:65,9,1,0
BRF:20
BRH:19
end_of_record
TN:
SF:resource/authentication/token/index.js
FNF:0
FNH:0
DA:1,1
DA:2,1
LF:2
LH:2
BRF:0
BRH:0
end_of_record
TN:
SF:resource/authentication/token/jwt/jwtbuilder.js
FN:9,(anonymous_0)
FN:30,(anonymous_1)
FN:40,(anonymous_2)
FN:41,(anonymous_3)
FN:60,(anonymous_4)
FN:78,(anonymous_5)
FN:86,(anonymous_6)
FN:103,(anonymous_7)
FNF:8
FNH:8
FNDA:48,(anonymous_0)
FNDA:8,(anonymous_1)
FNDA:8,(anonymous_2)
FNDA:8,(anonymous_3)
FNDA:8,(anonymous_4)
FNDA:16,(anonymous_5)
FNDA:8,(anonymous_6)
FNDA:8,(anonymous_7)
DA:2,1
DA:4,1
DA:5,1
DA:7,1
DA:9,1
DA:12,48
DA:14,48
DA:15,16
DA:21,32
DA:28,1
DA:31,8
DA:32,8
DA:33,8
DA:34,8
DA:35,8
DA:37,8
DA:41,8
DA:43,8
DA:44,0
DA:50,8
DA:51,0
DA:58,8
DA:59,8
DA:61,8
DA:62,0
DA:69,8
DA:70,8
DA:72,8
DA:79,16
DA:83,16
DA:87,8
DA:88,8
DA:90,8
DA:98,8
DA:100,8
DA:104,8
DA:105,8
DA:107,8
DA:109,8
DA:110,8
DA:112,8
DA:114,8
DA:120,8
DA:122,8
DA:124,8
DA:125,8
DA:127,8
LF:47
LH:44
BRDA:12,0,0,32
BRDA:12,0,1,16
BRDA:14,1,0,16
BRDA:14,1,1,32
BRDA:30,2,0,0
BRDA:30,3,0,0
BRDA:43,4,0,0
BRDA:43,4,1,8
BRDA:43,5,0,8
BRDA:43,5,1,8
BRDA:50,6,0,0
BRDA:50,6,1,8
BRDA:50,7,0,8
BRDA:50,7,1,8
BRDA:61,8,0,0
BRDA:61,8,1,8
BRDA:61,9,0,8
BRDA:61,9,1,8
BRF:18
BRH:13
end_of_record
TN:
SF:resource/authentication/token/jwt/jwtparser.js
FN:4,(anonymous_0)
FN:10,(anonymous_1)
FN:17,(anonymous_2)
FN:36,(anonymous_3)
FN:40,(anonymous_4)
FN:44,(anonymous_5)
FN:48,(anonymous_6)
FN:49,(anonymous_7)
FN:51,(anonymous_8)
FN:64,(anonymous_9)
FNF:10
FNH:6
FNDA:55,(anonymous_0)
FNDA:55,(anonymous_1)
FNDA:0,(anonymous_2)
FNDA:0,(anonymous_3)
FNDA:0,(anonymous_4)
FNDA:0,(anonymous_5)
FNDA:55,(anonymous_6)
FNDA:55,(anonymous_7)
FNDA:52,(anonymous_8)
FNDA:55,(anonymous_9)
DA:1,1
DA:2,1
DA:4,55
DA:9,1
DA:11,55
DA:12,55
DA:13,55
DA:14,55
DA:18,0
DA:20,0
DA:21,0
DA:25,0
DA:27,0
DA:37,0
DA:41,0
DA:45,0
DA:49,55
DA:50,55
DA:51,52
DA:52,52
DA:53,0
DA:57,52
DA:60,3
DA:65,55
DA:74,55
DA:75,55
DA:76,55
DA:77,55
DA:79,55
DA:80,55
DA:81,55
DA:83,55
DA:84,52
DA:85,52
DA:87,3
DA:90,55
DA:91,3
DA:93,52
DA:96,0
DA:97,0
DA:99,55
LF:41
LH:30
BRDA:11,0,0,55
BRDA:11,0,1,3
BRDA:17,1,0,0
BRDA:20,2,0,0
BRDA:20,2,1,0
BRDA:21,3,0,0
BRDA:21,3,1,0
BRDA:27,4,0,0
BRDA:27,4,1,0
BRDA:27,4,2,0
BRDA:27,4,3,0
BRDA:27,4,4,0
BRDA:27,4,5,0
BRDA:50,5,0,52
BRDA:50,5,1,3
BRDA:50,6,0,55
BRDA:50,6,1,55
BRDA:52,7,0,0
BRDA:52,7,1,52
BRDA:52,8,0,52
BRDA:52,8,1,52
BRDA:64,9,0,55
BRDA:83,10,0,52
BRDA:83,10,1,3
BRDA:90,11,0,3
BRDA:90,11,1,52
BRF:26
BRH:14
end_of_record
TN:
SF:resource/authentication/utils/index.js
FN:4,(anonymous_0)
FN:4,(anonymous_1)
FN:18,(anonymous_2)
FN:29,(anonymous_3)
FN:31,(anonymous_4)
FNF:5
FNH:5
FNDA:11,(anonymous_0)
FNDA:11,(anonymous_1)
FNDA:10,(anonymous_2)
FNDA:11,(anonymous_3)
FNDA:8,(anonymous_4)
DA:1,1
DA:2,1
DA:4,11
DA:5,11
DA:9,10
DA:10,10
DA:12,10
DA:13,10
DA:15,10
DA:17,10
DA:19,10
DA:20,8
DA:22,2
DA:25,1
DA:29,11
DA:31,8
DA:33,1
LF:17
LH:17
BRDA:5,0,0,10
BRDA:5,0,1,1
BRDA:5,1,0,11
BRDA:5,1,1,11
BRDA:5,1,2,11
BRDA:19,2,0,8
BRDA:19,2,1,2
BRDA:19,3,0,10
BRDA:19,3,1,8
BRF:9
BRH:9
end_of_record
TN:
SF:resource/customer/index.js
FN:9,(anonymous_0)
FN:13,(anonymous_1)
FN:19,(anonymous_2)
FN:28,(anonymous_3)
FN:31,(anonymous_4)
FN:34,(anonymous_5)
FN:42,(anonymous_6)
FN:51,(anonymous_7)
FNF:8
FNH:8
FNDA:5,(anonymous_0)
FNDA:5,(anonymous_1)
FNDA:9,(anonymous_2)
FNDA:2,(anonymous_3)
FNDA:7,(anonymous_4)
FNDA:5,(anonymous_5)
FNDA:2,(anonymous_6)
FNDA:1,(anonymous_7)
DA:1,1
DA:3,1
DA:4,1
DA:5,1
DA:7,1
DA:9,1
DA:11,5
DA:13,5
DA:14,5
DA:19,1
DA:20,9
DA:22,9
DA:23,9
DA:25,9
DA:27,9
DA:29,2
DA:31,7
DA:34,1
DA:35,5
DA:36,5
DA:38,5
DA:39,3
DA:41,2
DA:42,2
DA:43,2
DA:44,1
DA:49,1
DA:50,1
DA:52,1
DA:58,1
LF:30
LH:30
BRDA:38,0,0,3
BRDA:38,0,1,2
BRDA:38,1,0,5
BRDA:38,1,1,4
BRDA:38,1,2,3
BRDA:43,2,0,1
BRDA:43,2,1,1
BRF:7
BRH:7
end_of_record
TN:
SF:resource/delivery/index.js
FN:7,(anonymous_0)
FN:10,(anonymous_1)
FN:14,(anonymous_2)
FN:19,(anonymous_3)
FN:32,(anonymous_4)
FN:37,(anonymous_5)
FN:48,(anonymous_6)
FN:53,(anonymous_7)
FN:58,(anonymous_8)
FN:72,(anonymous_9)
FNF:10
FNH:10
FNDA:5,(anonymous_0)
FNDA:5,(anonymous_1)
FNDA:2,(anonymous_2)
FNDA:2,(anonymous_3)
FNDA:2,(anonymous_4)
FNDA:2,(anonymous_5)
FNDA:1,(anonymous_6)
FNDA:2,(anonymous_7)
FNDA:2,(anonymous_8)
FNDA:1,(anonymous_9)
DA:1,1
DA:3,1
DA:4,1
DA:5,1
DA:7,1
DA:8,5
DA:9,5
DA:10,5
DA:14,1
DA:15,2
DA:16,2
DA:18,2
DA:20,2
DA:21,1
DA:27,1
DA:32,1
DA:33,2
DA:34,2
DA:36,2
DA:38,2
DA:39,1
DA:45,1
DA:47,1
DA:48,1
DA:53,1
DA:54,2
DA:55,2
DA:57,2
DA:59,2
DA:60,1
DA:66,1
DA:71,1
DA:72,1
DA:77,1
LF:34
LH:34
BRDA:20,0,0,1
BRDA:20,0,1,1
BRDA:38,1,0,1
BRDA:38,1,1,1
BRDA:59,2,0,1
BRDA:59,2,1,1
BRF:6
BRH:6
end_of_record
TN:
SF:resource/flavor/index.js
FN:6,(anonymous_0)
FN:24,(anonymous_1)
FN:29,(anonymous_2)
FN:33,(anonymous_3)
FN:41,(anonymous_4)
FN:44,(anonymous_5)
FN:48,(anonymous_6)
FN:51,(anonymous_7)
FN:57,(anonymous_8)
FN:63,(anonymous_9)
FN:67,(anonymous_10)
FNF:11
FNH:11
FNDA:3,(anonymous_0)
FNDA:3,(anonymous_1)
FNDA:2,(anonymous_2)
FNDA:2,(anonymous_3)
FNDA:1,(anonymous_4)
FNDA:1,(anonymous_5)
FNDA:2,(anonymous_6)
FNDA:2,(anonymous_7)
FNDA:1,(anonymous_8)
FNDA:2,(anonymous_9)
FNDA:2,(anonymous_10)
DA:1,1
DA:2,1
DA:3,1
DA:4,1
DA:6,1
DA:9,3
DA:11,3
DA:12,2
DA:14,3
DA:16,3
DA:17,2
DA:18,2
DA:21,3
DA:23,3
DA:24,3
DA:29,1
DA:30,2
DA:32,2
DA:34,2
DA:35,1
DA:36,1
DA:41,1
DA:42,1
DA:43,1
DA:44,1
DA:48,1
DA:50,2
DA:51,2
DA:52,2
DA:53,1
DA:54,1
DA:56,1
DA:57,1
DA:63,1
DA:64,2
DA:66,2
DA:68,2
DA:69,1
DA:71,1
DA:77,1
LF:40
LH:40
BRDA:11,0,0,2
BRDA:11,0,1,1
BRDA:16,1,0,2
BRDA:16,1,1,1
BRDA:17,2,0,1
BRDA:17,2,1,1
BRDA:18,3,0,1
BRDA:18,3,1,1
BRDA:21,4,0,2
BRDA:21,4,1,1
BRDA:34,5,0,1
BRDA:34,5,1,1
BRDA:52,6,0,1
BRDA:52,6,1,1
BRDA:68,7,0,1
BRDA:68,7,1,1
BRF:16
BRH:16
end_of_record
TN:
SF:resource/item/index.js
FN:8,(anonymous_0)
FN:12,(anonymous_1)
FN:15,(anonymous_2)
FN:21,(anonymous_3)
FN:26,(anonymous_4)
FN:30,(anonymous_5)
FN:35,(anonymous_6)
FNF:7
FNH:7
FNDA:2,(anonymous_0)
FNDA:4,(anonymous_1)
FNDA:1,(anonymous_2)
FNDA:4,(anonymous_3)
FNDA:4,(anonymous_4)
FNDA:3,(anonymous_5)
FNDA:2,(anonymous_6)
DA:1,1
DA:2,1
DA:3,1
DA:5,1
DA:8,1
DA:9,2
DA:11,2
DA:12,4
DA:14,1
DA:15,1
DA:18,1
DA:21,1
DA:22,4
DA:23,4
DA:25,4
DA:26,4
DA:30,1
DA:31,3
DA:32,2
DA:34,2
DA:36,2
DA:37,1
DA:38,1
DA:41,1
DA:46,1
LF:25
LH:25
BRDA:11,0,0,1
BRDA:11,0,1,1
BRDA:22,1,0,1
BRDA:22,1,1,3
BRDA:31,2,0,2
BRDA:31,2,1,1
BRDA:36,3,0,1
BRDA:36,3,1,1
BRF:8
BRH:8
end_of_record
TN:
SF:resource/order/index.js
FN:10,(anonymous_0)
FN:16,(anonymous_1)
FN:19,(anonymous_2)
FN:22,(anonymous_3)
FN:29,(anonymous_4)
FN:39,(anonymous_5)
FN:57,(anonymous_6)
FN:62,(anonymous_7)
FN:74,(anonymous_8)
FN:93,(anonymous_9)
FN:101,(anonymous_10)
FN:107,(anonymous_11)
FN:119,(anonymous_12)
FN:122,(anonymous_13)
FN:125,(anonymous_14)
FN:136,(anonymous_15)
FN:144,(anonymous_16)
FN:144,(anonymous_17)
FN:147,(anonymous_18)
FN:175,(anonymous_19)
FN:177,(anonymous_20)
FN:177,(anonymous_21)
FN:184,(anonymous_22)
FN:186,(anonymous_23)
FN:187,(anonymous_24)
FN:191,(anonymous_25)
FN:199,(anonymous_26)
FN:216,(anonymous_27)
FN:249,(anonymous_28)
FN:252,(anonymous_29)
FN:257,(anonymous_30)
FN:263,(anonymous_31)
FN:266,(anonymous_32)
FN:267,(anonymous_33)
FN:273,(anonymous_34)
FN:283,(anonymous_35)
FN:303,(anonymous_36)
FN:308,(anonymous_37)
FN:314,(anonymous_38)
FN:317,(anonymous_39)
FN:324,(anonymous_40)
FN:330,(anonymous_41)
FN:336,(anonymous_42)
FN:349,(anonymous_43)
FN:353,(anonymous_44)
FN:361,(anonymous_45)
FN:366,(anonymous_46)
FN:369,(anonymous_47)
FN:370,(anonymous_48)
FN:371,(anonymous_49)
FN:382,(anonymous_50)
FN:388,(anonymous_51)
FN:392,(anonymous_52)
FN:412,(anonymous_53)
FN:423,(anonymous_54)
FN:429,(anonymous_55)
FN:446,(anonymous_56)
FN:449,(anonymous_57)
FN:458,(anonymous_58)
FN:473,(anonymous_59)
FN:477,(anonymous_60)
FN:483,(anonymous_61)
FN:497,(anonymous_62)
FN:502,(anonymous_63)
FN:513,(anonymous_64)
FN:521,(anonymous_65)
FN:527,(anonymous_66)
FN:529,(anonymous_67)
FN:532,(anonymous_68)
FN:538,(anonymous_69)
FN:560,(anonymous_70)
FN:571,(anonymous_71)
FN:584,(anonymous_72)
FN:593,(anonymous_73)
FN:596,(anonymous_74)
FNF:75
FNH:56
FNDA:31,(anonymous_0)
FNDA:9,(anonymous_1)
FNDA:9,(anonymous_2)
FNDA:34,(anonymous_3)
FNDA:5,(anonymous_4)
FNDA:3,(anonymous_5)
FNDA:2,(anonymous_6)
FNDA:2,(anonymous_7)
FNDA:7,(anonymous_8)
FNDA:2,(anonymous_9)
FNDA:2,(anonymous_10)
FNDA:2,(anonymous_11)
FNDA:2,(anonymous_12)
FNDA:2,(anonymous_13)
FNDA:1,(anonymous_14)
FNDA:5,(anonymous_15)
FNDA:4,(anonymous_16)
FNDA:4,(anonymous_17)
FNDA:2,(anonymous_18)
FNDA:2,(anonymous_19)
FNDA:0,(anonymous_20)
FNDA:0,(anonymous_21)
FNDA:2,(anonymous_22)
FNDA:2,(anonymous_23)
FNDA:2,(anonymous_24)
FNDA:2,(anonymous_25)
FNDA:4,(anonymous_26)
FNDA:2,(anonymous_27)
FNDA:4,(anonymous_28)
FNDA:1,(anonymous_29)
FNDA:1,(anonymous_30)
FNDA:1,(anonymous_31)
FNDA:1,(anonymous_32)
FNDA:1,(anonymous_33)
FNDA:1,(anonymous_34)
FNDA:1,(anonymous_35)
FNDA:2,(anonymous_36)
FNDA:2,(anonymous_37)
FNDA:2,(anonymous_38)
FNDA:0,(anonymous_39)
FNDA:2,(anonymous_40)
FNDA:2,(anonymous_41)
FNDA:2,(anonymous_42)
FNDA:2,(anonymous_43)
FNDA:2,(anonymous_44)
FNDA:1,(anonymous_45)
FNDA:1,(anonymous_46)
FNDA:2,(anonymous_47)
FNDA:2,(anonymous_48)
FNDA:1,(anonymous_49)
FNDA:3,(anonymous_50)
FNDA:3,(anonymous_51)
FNDA:4,(anonymous_52)
FNDA:1,(anonymous_53)
FNDA:1,(anonymous_54)
FNDA:1,(anonymous_55)
FNDA:1,(anonymous_56)
FNDA:2,(anonymous_57)
FNDA:1,(anonymous_58)
FNDA:0,(anonymous_59)
FNDA:0,(anonymous_60)
FNDA:0,(anonymous_61)
FNDA:0,(anonymous_62)
FNDA:0,(anonymous_63)
FNDA:0,(anonymous_64)
FNDA:0,(anonymous_65)
FNDA:0,(anonymous_66)
FNDA:0,(anonymous_67)
FNDA:0,(anonymous_68)
FNDA:0,(anonymous_69)
FNDA:0,(anonymous_70)
FNDA:0,(anonymous_71)
FNDA:0,(anonymous_72)
FNDA:0,(anonymous_73)
FNDA:0,(anonymous_74)
DA:1,1
DA:2,1
DA:3,1
DA:5,1
DA:6,1
DA:7,1
DA:8,1
DA:10,1
DA:11,31
DA:12,0
DA:13,31
DA:16,1
DA:17,9
DA:19,9
DA:21,9
DA:22,34
DA:24,0
DA:29,1
DA:31,5
DA:32,5
DA:34,5
DA:35,2
DA:37,3
DA:39,3
DA:41,3
DA:43,2
DA:49,2
DA:51,2
DA:56,2
DA:59,2
DA:61,2
DA:62,2
DA:67,1
DA:74,1
DA:75,7
DA:77,7
DA:79,7
DA:81,7
DA:83,7
DA:85,7
DA:86,7
DA:87,7
DA:88,7
DA:90,7
DA:92,7
DA:94,2
DA:96,2
DA:97,2
DA:98,2
DA:100,2
DA:102,2
DA:104,2
DA:106,2
DA:109,2
DA:111,2
DA:113,2
DA:114,2
DA:116,2
DA:118,2
DA:120,2
DA:121,2
DA:123,2
DA:124,1
DA:126,1
DA:136,5
DA:144,4
DA:145,4
DA:147,4
DA:149,2
DA:151,2
DA:152,0
DA:161,2
DA:164,2
DA:166,2
DA:167,2
DA:168,2
DA:170,2
DA:172,2
DA:174,2
DA:176,2
DA:177,0
DA:178,0
DA:181,2
DA:183,2
DA:186,2
DA:187,2
DA:189,2
DA:191,2
DA:192,2
DA:194,2
DA:196,2
DA:197,2
DA:199,2
DA:200,4
DA:203,2
DA:204,2
DA:209,2
DA:214,2
DA:216,2
DA:217,2
DA:219,0
DA:220,0
DA:222,0
DA:223,0
DA:225,0
DA:226,0
DA:228,2
DA:229,2
DA:234,2
DA:245,2
DA:249,4
DA:252,1
DA:253,1
DA:255,1
DA:256,1
DA:259,1
DA:260,0
DA:263,1
DA:264,1
DA:266,1
DA:267,1
DA:269,1
DA:270,0
DA:273,1
DA:275,1
DA:276,0
DA:279,1
DA:280,1
DA:281,1
DA:283,1
DA:284,1
DA:286,0
DA:289,1
DA:292,1
DA:297,0
DA:303,1
DA:304,2
DA:306,2
DA:308,2
DA:309,2
DA:310,0
DA:313,2
DA:315,2
DA:317,2
DA:318,0
DA:321,2
DA:322,2
DA:323,2
DA:325,2
DA:327,2
DA:329,2
DA:331,2
DA:335,2
DA:337,2
DA:349,1
DA:350,2
DA:352,2
DA:353,2
DA:354,2
DA:355,1
DA:357,1
DA:361,1
DA:362,1
DA:364,1
DA:365,1
DA:367,1
DA:369,1
DA:370,2
DA:371,2
DA:372,1
DA:376,1
DA:378,1
DA:382,1
DA:383,3
DA:385,3
DA:387,3
DA:389,3
DA:390,1
DA:392,4
DA:394,2
DA:395,2
DA:396,1
DA:402,1
DA:405,2
DA:407,1
DA:412,1
DA:413,1
DA:415,1
DA:417,1
DA:418,1
DA:420,1
DA:422,1
DA:425,1
DA:426,0
DA:429,1
DA:431,1
DA:433,1
DA:434,0
DA:437,1
DA:438,0
DA:441,1
DA:443,1
DA:445,1
DA:447,1
DA:449,1
DA:450,2
DA:451,2
DA:455,1
DA:457,1
DA:459,1
DA:460,1
DA:473,1
DA:474,0
DA:475,0
DA:477,0
DA:478,0
DA:480,0
DA:483,0
DA:485,0
DA:487,0
DA:491,0
DA:492,0
DA:493,0
DA:494,0
DA:497,0
DA:499,0
DA:504,0
DA:513,1
DA:514,0
DA:516,0
DA:518,0
DA:519,0
DA:521,0
DA:522,0
DA:524,0
DA:527,0
DA:529,0
DA:531,0
DA:532,0
DA:533,0
DA:534,0
DA:537,0
DA:538,0
DA:539,0
DA:543,0
DA:545,0
DA:547,0
DA:550,0
DA:552,0
DA:555,0
DA:557,0
DA:559,0
DA:561,0
DA:572,0
DA:574,0
DA:578,0
DA:580,0
DA:586,0
DA:593,1
DA:594,0
DA:596,0
DA:597,0
DA:599,0
DA:602,0
DA:604,0
DA:606,0
DA:607,0
DA:609,0
DA:611,0
DA:614,0
DA:618,0
DA:623,0
DA:631,1
LF:273
LH:194
BRDA:11,0,0,0
BRDA:11,0,1,31
BRDA:21,1,0,9
BRDA:21,1,1,0
BRDA:34,2,0,2
BRDA:34,2,1,3
BRDA:34,3,0,5
BRDA:34,3,1,3
BRDA:41,4,0,2
BRDA:41,4,1,1
BRDA:79,5,0,2
BRDA:79,5,1,5
BRDA:79,6,0,7
BRDA:79,6,1,5
BRDA:81,7,0,2
BRDA:81,7,1,5
BRDA:81,8,0,7
BRDA:81,8,1,6
BRDA:81,8,2,5
BRDA:81,8,3,5
BRDA:120,9,0,2
BRDA:120,9,1,0
BRDA:144,10,0,2
BRDA:151,11,0,0
BRDA:151,11,1,2
BRDA:151,12,0,2
BRDA:151,12,1,2
BRDA:151,12,2,2
BRDA:166,13,0,2
BRDA:166,13,1,0
BRDA:176,14,0,0
BRDA:176,14,1,2
BRDA:189,15,0,2
BRDA:189,15,1,0
BRDA:189,16,0,2
BRDA:189,16,1,2
BRDA:189,16,2,2
BRDA:196,17,0,2
BRDA:196,17,1,0
BRDA:217,18,0,0
BRDA:217,18,1,0
BRDA:217,18,2,0
BRDA:217,18,3,2
BRDA:240,19,0,2
BRDA:240,19,1,0
BRDA:259,20,0,0
BRDA:259,20,1,1
BRDA:263,21,0,1
BRDA:263,21,1,0
BRDA:263,22,0,1
BRDA:263,22,1,1
BRDA:263,22,2,1
BRDA:269,23,0,0
BRDA:269,23,1,1
BRDA:275,24,0,0
BRDA:275,24,1,1
BRDA:284,25,0,0
BRDA:284,25,1,1
BRDA:309,26,0,0
BRDA:309,26,1,2
BRDA:327,27,0,1
BRDA:327,27,1,1
BRDA:354,28,0,1
BRDA:354,28,1,1
BRDA:354,29,0,2
BRDA:354,29,1,1
BRDA:371,30,0,1
BRDA:371,30,1,1
BRDA:389,31,0,1
BRDA:389,31,1,2
BRDA:395,32,0,1
BRDA:395,32,1,1
BRDA:425,33,0,0
BRDA:425,33,1,1
BRDA:425,34,0,1
BRDA:425,34,1,1
BRDA:433,35,0,0
BRDA:433,35,1,1
BRDA:437,36,0,0
BRDA:437,36,1,1
BRDA:437,37,0,1
BRDA:437,37,1,0
BRDA:450,38,0,2
BRDA:450,38,1,0
BRDA:478,39,0,0
BRDA:478,39,1,0
BRDA:478,40,0,0
BRDA:478,40,1,0
BRDA:483,41,0,0
BRDA:483,41,1,0
BRDA:485,42,0,0
BRDA:485,42,1,0
BRDA:522,43,0,0
BRDA:522,43,1,0
BRDA:522,44,0,0
BRDA:522,44,1,0
BRDA:522,44,2,0
BRDA:533,45,0,0
BRDA:533,45,1,0
BRDA:545,46,0,0
BRDA:545,46,1,0
BRDA:550,47,0,0
BRDA:550,47,1,0
BRDA:550,48,0,0
BRDA:550,48,1,0
BRDA:572,49,0,0
BRDA:572,49,1,0
BRDA:597,50,0,0
BRDA:597,50,1,0
BRDA:602,51,0,0
BRDA:602,51,1,0
BRDA:606,52,0,0
BRDA:606,52,1,0
BRDA:609,53,0,0
BRDA:609,53,1,0
BRF:115
BRH:61
end_of_record
TN:
SF:resource/pizza/index.js
FN:7,(anonymous_0)
FN:11,(anonymous_1)
FN:16,(anonymous_2)
FN:21,(anonymous_3)
FN:27,(anonymous_4)
FN:30,(anonymous_5)
FN:34,(anonymous_6)
FN:39,(anonymous_7)
FN:45,(anonymous_8)
FN:51,(anonymous_9)
FN:56,(anonymous_10)
FNF:11
FNH:11
FNDA:1,(anonymous_0)
FNDA:1,(anonymous_1)
FNDA:2,(anonymous_2)
FNDA:2,(anonymous_3)
FNDA:4,(anonymous_4)
FNDA:1,(anonymous_5)
FNDA:2,(anonymous_6)
FNDA:2,(anonymous_7)
FNDA:1,(anonymous_8)
FNDA:2,(anonymous_9)
FNDA:2,(anonymous_10)
DA:1,1
DA:2,1
DA:3,1
DA:4,1
DA:7,1
DA:8,1
DA:10,1
DA:12,1
DA:16,1
DA:17,2
DA:18,2
DA:20,2
DA:22,2
DA:23,1
DA:27,1
DA:28,4
DA:29,4
DA:30,1
DA:34,1
DA:35,2
DA:36,2
DA:38,2
DA:40,2
DA:42,1
DA:44,1
DA:45,1
DA:51,1
DA:52,2
DA:53,2
DA:55,2
DA:57,2
DA:58,1
DA:62,1
LF:33
LH:33
BRDA:22,0,0,1
BRDA:22,0,1,1
BRDA:40,1,0,1
BRDA:40,1,1,1
BRDA:57,2,0,1
BRDA:57,2,1,1
BRF:6
BRH:6
end_of_record
TN:
SF:resource/product/index.js
FN:10,(anonymous_0)
FN:11,(anonymous_1)
FN:12,(anonymous_2)
FN:26,(anonymous_3)
FN:26,(anonymous_4)
FN:28,(anonymous_5)
FN:36,(anonymous_6)
FN:36,(anonymous_7)
FN:37,(anonymous_8)
FN:64,(anonymous_9)
FN:64,(anonymous_10)
FN:65,(anonymous_11)
FN:78,(anonymous_12)
FN:78,(anonymous_13)
FN:79,(anonymous_14)
FN:89,(anonymous_15)
FNF:16
FNH:0
FNDA:0,(anonymous_0)
FNDA:0,(anonymous_1)
FNDA:0,(anonymous_2)
FNDA:0,(anonymous_3)
FNDA:0,(anonymous_4)
FNDA:0,(anonymous_5)
FNDA:0,(anonymous_6)
FNDA:0,(anonymous_7)
FNDA:0,(anonymous_8)
FNDA:0,(anonymous_9)
FNDA:0,(anonymous_10)
FNDA:0,(anonymous_11)
FNDA:0,(anonymous_12)
FNDA:0,(anonymous_13)
FNDA:0,(anonymous_14)
FNDA:0,(anonymous_15)
DA:1,1
DA:3,1
DA:5,1
DA:6,1
DA:10,1
DA:11,0
DA:12,0
DA:13,0
DA:14,0
DA:21,0
DA:26,1
DA:27,0
DA:28,0
DA:30,0
DA:36,1
DA:37,0
DA:38,0
DA:39,0
DA:45,0
DA:46,0
DA:53,0
DA:54,0
DA:55,0
DA:57,0
DA:64,1
DA:65,0
DA:66,0
DA:67,0
DA:71,0
DA:73,0
DA:78,1
DA:79,0
DA:80,0
DA:81,0
DA:82,0
DA:89,0
DA:90,0
DA:91,0
DA:96,1
LF:39
LH:10
BRDA:13,0,0,0
BRDA:13,0,1,0
BRDA:38,1,0,0
BRDA:38,1,1,0
BRDA:45,2,0,0
BRDA:45,2,1,0
BRDA:66,3,0,0
BRDA:66,3,1,0
BRDA:80,4,0,0
BRDA:80,4,1,0
BRDA:81,5,0,0
BRDA:81,5,1,0
BRDA:90,6,0,0
BRDA:90,6,1,0
BRF:14
BRH:0
end_of_record
TN:
SF:resource/provider/index.js
FN:10,(anonymous_0)
FN:11,(anonymous_1)
FN:12,(anonymous_2)
FN:24,(anonymous_3)
FN:25,(anonymous_4)
FN:28,(anonymous_5)
FN:34,(anonymous_6)
FN:39,(anonymous_7)
FN:55,(anonymous_8)
FN:56,(anonymous_9)
FN:64,(anonymous_10)
FN:73,(anonymous_11)
FN:96,(anonymous_12)
FN:97,(anonymous_13)
FN:104,(anonymous_14)
FN:111,(anonymous_15)
FNF:16
FNH:0
FNDA:0,(anonymous_0)
FNDA:0,(anonymous_1)
FNDA:0,(anonymous_2)
FNDA:0,(anonymous_3)
FNDA:0,(anonymous_4)
FNDA:0,(anonymous_5)
FNDA:0,(anonymous_6)
FNDA:0,(anonymous_7)
FNDA:0,(anonymous_8)
FNDA:0,(anonymous_9)
FNDA:0,(anonymous_10)
FNDA:0,(anonymous_11)
FNDA:0,(anonymous_12)
FNDA:0,(anonymous_13)
FNDA:0,(anonymous_14)
FNDA:0,(anonymous_15)
DA:1,1
DA:3,1
DA:4,1
DA:6,1
DA:7,1
DA:10,1
DA:11,0
DA:12,0
DA:13,0
DA:14,0
DA:19,0
DA:24,1
DA:25,0
DA:26,0
DA:28,0
DA:29,0
DA:30,0
DA:32,0
DA:36,0
DA:41,0
DA:55,1
DA:56,0
DA:57,0
DA:58,0
DA:62,0
DA:64,0
DA:65,0
DA:66,0
DA:71,0
DA:73,0
DA:74,0
DA:76,0
DA:82,0
DA:87,0
DA:96,1
DA:97,0
DA:98,0
DA:99,0
DA:103,0
DA:104,0
DA:105,0
DA:106,0
DA:111,0
DA:112,0
DA:113,0
DA:118,0
DA:123,0
DA:131,1
LF:48
LH:10
BRDA:13,0,0,0
BRDA:13,0,1,0
BRDA:41,1,0,0
BRDA:41,1,1,0
BRDA:57,2,0,0
BRDA:57,2,1,0
BRDA:65,3,0,0
BRDA:65,3,1,0
BRDA:74,4,0,0
BRDA:74,4,1,0
BRDA:98,5,0,0
BRDA:98,5,1,0
BRDA:105,6,0,0
BRDA:105,6,1,0
BRDA:112,7,0,0
BRDA:112,7,1,0
BRF:16
BRH:0
end_of_record
TN:
SF:resource/table/index.js
FN:8,(anonymous_0)
FN:11,(anonymous_1)
FN:12,(anonymous_2)
FN:17,(anonymous_3)
FN:22,(anonymous_4)
FN:28,(anonymous_5)
FN:32,(anonymous_6)
FN:37,(anonymous_7)
FN:42,(anonymous_8)
FN:49,(anonymous_9)
FNF:10
FNH:0
FNDA:0,(anonymous_0)
FNDA:0,(anonymous_1)
FNDA:0,(anonymous_2)
FNDA:0,(anonymous_3)
FNDA:0,(anonymous_4)
FNDA:0,(anonymous_5)
FNDA:0,(anonymous_6)
FNDA:0,(anonymous_7)
FNDA:0,(anonymous_8)
FNDA:0,(anonymous_9)
DA:1,1
DA:3,1
DA:4,1
DA:5,1
DA:8,1
DA:9,0
DA:10,0
DA:12,0
DA:17,1
DA:18,0
DA:19,0
DA:21,0
DA:23,0
DA:24,0
DA:28,1
DA:29,0
DA:31,0
DA:33,0
DA:37,1
DA:38,0
DA:39,0
DA:41,0
DA:43,0
DA:44,0
DA:46,0
DA:48,0
DA:49,0
DA:54,1
LF:28
LH:9
BRDA:23,0,0,0
BRDA:23,0,1,0
BRDA:43,1,0,0
BRDA:43,1,1,0
BRF:4
BRH:0
end_of_record
TN:
SF:resource/user/index.js
FN:9,(anonymous_0)
FN:16,(anonymous_1)
FN:17,(anonymous_2)
FN:22,(anonymous_3)
FN:34,(anonymous_4)
FN:40,(anonymous_5)
FN:50,(anonymous_6)
FN:55,(anonymous_7)
FN:61,(anonymous_8)
FN:64,(anonymous_9)
FN:77,(anonymous_10)
FN:82,(anonymous_11)
FN:88,(anonymous_12)
FNF:13
FNH:13
FNDA:2,(anonymous_0)
FNDA:2,(anonymous_1)
FNDA:1,(anonymous_2)
FNDA:9,(anonymous_3)
FNDA:6,(anonymous_4)
FNDA:3,(anonymous_5)
FNDA:2,(anonymous_6)
FNDA:18,(anonymous_7)
FNDA:1,(anonymous_8)
FNDA:3,(anonymous_9)
FNDA:3,(anonymous_10)
FNDA:3,(anonymous_11)
FNDA:1,(anonymous_12)
DA:1,1
DA:3,1
DA:4,1
DA:6,1
DA:7,1
DA:9,1
DA:10,2
DA:11,0
DA:13,2
DA:15,2
DA:17,2
DA:18,1
DA:20,1
DA:22,1
DA:23,9
DA:26,1
DA:29,2
DA:34,1
DA:35,6
DA:37,6
DA:39,6
DA:42,3
DA:48,3
DA:50,3
DA:51,2
DA:53,2
DA:55,2
DA:56,18
DA:59,2
DA:61,1
DA:65,3
DA:70,3
DA:77,1
DA:78,3
DA:79,3
DA:81,3
DA:83,3
DA:85,2
DA:87,2
DA:88,1
DA:94,1
LF:41
LH:40
BRDA:10,0,0,0
BRDA:10,0,1,2
BRDA:23,1,0,8
BRDA:23,1,1,1
BRDA:56,2,0,16
BRDA:56,2,1,2
BRDA:68,3,0,3
BRDA:68,3,1,0
BRDA:83,4,0,1
BRDA:83,4,1,2
BRF:10
BRH:8
end_of_record
TN:
SF:resource/utils/index.js
FN:5,(anonymous_0)
FN:11,(anonymous_1)
FN:19,(anonymous_2)
FN:19,(anonymous_3)
FN:22,(anonymous_4)
FN:25,(anonymous_5)
FN:39,(anonymous_6)
FN:44,(anonymous_7)
FN:44,(anonymous_8)
FN:44,(anonymous_9)
FN:45,(anonymous_10)
FN:50,(anonymous_11)
FN:57,(anonymous_12)
FN:62,(anonymous_13)
FN:70,(anonymous_14)
FN:76,(anonymous_15)
FN:81,(anonymous_16)
FN:100,(anonymous_17)
FN:109,(anonymous_18)
FN:112,(anonymous_19)
FN:130,(anonymous_20)
FN:138,(anonymous_21)
FNF:22
FNH:13
FNDA:33,(anonymous_0)
FNDA:64,(anonymous_1)
FNDA:41,(anonymous_2)
FNDA:41,(anonymous_3)
FNDA:32,(anonymous_4)
FNDA:5,(anonymous_5)
FNDA:9,(anonymous_6)
FNDA:0,(anonymous_7)
FNDA:0,(anonymous_8)
FNDA:0,(anonymous_9)
FNDA:0,(anonymous_10)
FNDA:0,(anonymous_11)
FNDA:0,(anonymous_12)
FNDA:18,(anonymous_13)
FNDA:4,(anonymous_14)
FNDA:6,(anonymous_15)
FNDA:0,(anonymous_16)
FNDA:2,(anonymous_17)
FNDA:2,(anonymous_18)
FNDA:0,(anonymous_19)
FNDA:1,(anonymous_20)
FNDA:0,(anonymous_21)
DA:2,1
DA:3,1
DA:5,1
DA:6,33
DA:8,33
DA:9,0
DA:11,33
DA:12,64
DA:13,64
DA:16,33
DA:19,41
DA:21,41
DA:23,32
DA:27,5
DA:28,5
DA:33,5
DA:35,0
DA:40,9
DA:44,1
DA:45,0
DA:46,0
DA:47,0
DA:50,0
DA:51,0
DA:52,0
DA:54,0
DA:58,0
DA:59,0
DA:62,18
DA:70,1
DA:71,4
DA:72,4
DA:74,4
DA:76,4
DA:77,6
DA:81,4
DA:82,0
DA:85,4
DA:86,4
DA:87,4
DA:88,4
DA:90,4
DA:91,4
DA:92,4
DA:93,4
DA:94,4
DA:95,4
DA:97,4
DA:100,1
DA:101,2
DA:102,2
DA:104,2
DA:105,2
DA:106,2
DA:107,2
DA:109,2
DA:110,2
DA:112,2
DA:113,0
DA:116,2
DA:119,1
DA:130,1
DA:131,1
DA:132,1
DA:134,1
DA:135,1
DA:136,1
DA:138,1
DA:139,0
DA:142,1
DA:152,1
DA:156,1
LF:72
LH:58
BRDA:5,0,0,0
BRDA:5,1,0,0
BRDA:8,2,0,0
BRDA:8,2,1,33
BRDA:12,3,0,64
BRDA:12,3,1,0
BRDA:27,4,0,5
BRDA:27,4,1,0
BRDA:27,5,0,5
BRDA:27,5,1,5
BRDA:44,6,0,0
BRDA:46,7,0,0
BRDA:46,7,1,0
BRDA:51,8,0,0
BRDA:51,8,1,0
BRDA:58,9,0,0
BRDA:58,9,1,0
BRDA:71,10,0,4
BRDA:71,10,1,4
BRF:19
BRH:7
end_of_record
TN:
SF:resource/waitinglist/index.js
FN:8,(anonymous_0)
FN:11,(anonymous_1)
FN:15,(anonymous_2)
FN:20,(anonymous_3)
FN:24,(anonymous_4)
FN:29,(anonymous_5)
FNF:6
FNH:6
FNDA:3,(anonymous_0)
FNDA:3,(anonymous_1)
FNDA:1,(anonymous_2)
FNDA:1,(anonymous_3)
FNDA:2,(anonymous_4)
FNDA:2,(anonymous_5)
DA:1,1
DA:3,1
DA:4,1
DA:6,1
DA:8,1
DA:9,3
DA:10,3
DA:11,3
DA:15,1
DA:16,1
DA:17,1
DA:19,1
DA:20,1
DA:24,1
DA:25,2
DA:26,2
DA:28,2
DA:30,2
DA:31,1
DA:32,1
DA:37,1
LF:21
LH:21
BRDA:30,0,0,1
BRDA:30,0,1,1
BRF:2
BRH:2
end_of_record
TN:
SF:utils/dbmanager.js
FN:8,(anonymous_0)
FN:13,(anonymous_1)
FN:17,(anonymous_2)
FN:20,(anonymous_3)
FN:21,(anonymous_4)
FN:22,(anonymous_5)
FN:26,(anonymous_6)
FN:34,(anonymous_7)
FNF:8
FNH:2
FNDA:1,(anonymous_0)
FNDA:1,(anonymous_1)
FNDA:0,(anonymous_2)
FNDA:0,(anonymous_3)
FNDA:0,(anonymous_4)
FNDA:0,(anonymous_5)
FNDA:0,(anonymous_6)
FNDA:0,(anonymous_7)
DA:1,1
DA:3,1
DA:4,1
DA:5,1
DA:6,1
DA:9,1
DA:10,1
DA:14,1
DA:15,1
DA:16,0
DA:18,0
DA:20,0
DA:21,0
DA:22,0
DA:27,0
DA:35,0
DA:39,1
LF:17
LH:10
BRDA:14,0,0,1
BRDA:14,0,1,0
BRDA:15,1,0,0
BRDA:15,1,1,1
BRF:4
BRH:2
end_of_record
TN:
SF:utils/globalSetup.js
FN:3,(anonymous_0)
FNF:1
FNH:1
FNDA:1,(anonymous_0)
DA:1,1
DA:3,1
DA:4,1
DA:5,1
DA:6,1
DA:7,1
DA:8,1
DA:11,0
LF:8
LH:7
BRF:0
BRH:0
end_of_record
